==================== [ 데이터 갱신 완료 ] ====================

2024-08-06 09:14:01.176137 	openTime : 2024-08-07 09:00:10 	Target : 3811642.743056236 	Current : 3588000.0 	MA5 : 4019200.0 	Buy_yn : False
2024-08-06 09:15:08.979329 	openTime : 2024-08-07 09:00:10 	Target : 3811642.743056236 	Current : 3593000.0 	MA5 : 4019200.0 	Buy_yn : False
2024-08-06 09:16:22.183762 	openTime : 2024-08-07 09:00:10 	Target : 3811642.743056236 	Current : 3604000.0 	MA5 : 4019200.0 	Buy_yn : False
2024-08-06 09:17:32.327577 	openTime : 2024-08-07 09:00:10 	Target : 3811642.743056236 	Current : 3620000.0 	MA5 : 4019200.0 	Buy_yn : False
2024-08-06 09:18:39.111411 	openTime : 2024-08-07 09:00:10 	Target : 3811642.743056236 	Current : 3625000.0 	MA5 : 4019200.0 	Buy_yn : False
2024-08-06 09:19:50.131304 	openTime : 2024-08-07 09:00:10 	Target : 3811642.743056236 	Current : 3629000.0 	MA5 : 4019200.0 	Buy_yn : False
2024-08-06 09:21:01.808333 	openTime : 2024-08-07 09:00:10 	Target : 3811642.743056236 	Current : 3633000.0 	MA5 : 4019200.0 	Buy_yn : False
2024-08-06 09:22:11.742419 	openTime : 2024-08-07 09:00:10 	Target : 3811642.743056236 	Current : 3636000.0 	MA5 : 4019200.0 	Buy_yn : False
2024-08-06 09:23:31.968247 	openTime : 2024-08-07 09:00:10 	Target : 3811642.743056236 	Current : 3651000.0 	MA5 : 4019200.0 	Buy_yn : False
2024-08-06 09:24:44.080931 	openTime : 2024-08-07 09:00:10 	Target : 3811642.743056236 	Current : 3657000.0 	MA5 : 4019200.0 	Buy_yn : False

==================== [ 데이터 갱신 시도 ] ====================
                          open       high  ...   targetPrice        ma5
2024-08-02 09:00:00  4500000.0  4521000.0  ...  4.597456e+06  4565000.0
2024-08-03 09:00:00  4213000.0  4248000.0  ...  4.376838e+06  4493800.0
2024-08-04 09:00:00  4111000.0  4140000.0  ...  4.205961e+06  4387600.0
2024-08-05 09:00:00  3790000.0  3812000.0  ...  3.972245e+06  4226200.0
2024-08-06 09:00:00  3485000.0  3719000.0  ...  3.811643e+06  4019200.0

[5 rows x 11 columns]
==================== [ 데이터 갱신 완료 ] ====================

2024-08-06 14:25:38.226066 	openTime : 2024-08-07 09:00:10 	Target : 3811642.743056236 	Current : 3585000.0 	MA5 : 4019200.0 	Buy_yn : False
2024-08-06 14:26:43.303826 	openTime : 2024-08-07 09:00:10 	Target : 3811642.743056236 	Current : 3589000.0 	MA5 : 4019200.0 	Buy_yn : False
2024-08-06 14:27:49.877212 	openTime : 2024-08-07 09:00:10 	Target : 3811642.743056236 	Current : 3585000.0 	MA5 : 4019200.0 	Buy_yn : False
2024-08-06 14:28:54.742485 	openTime : 2024-08-07 09:00:10 	Target : 3811642.743056236 	Current : 3588000.0 	MA5 : 4019200.0 	Buy_yn : False
2024-08-06 14:29:59.571878 	openTime : 2024-08-07 09:00:10 	Target : 3811642.743056236 	Current : 3587000.0 	MA5 : 4019200.0 	Buy_yn : False
2024-08-06 14:31:04.783678 	openTime : 2024-08-07 09:00:10 	Target : 3811642.743056236 	Current : 3589000.0 	MA5 : 4019200.0 	Buy_yn : False
2024-08-06 14:32:09.918708 	openTime : 2024-08-07 09:00:10 	Target : 3811642.743056236 	Current : 3587000.0 	MA5 : 4019200.0 	Buy_yn : False
2024-08-06 14:33:15.573854 	openTime : 2024-08-07 09:00:10 	Target : 3811642.743056236 	Current : 3587000.0 	MA5 : 4019200.0 	Buy_yn : False
2024-08-06 14:34:20.083041 	openTime : 2024-08-07 09:00:10 	Target : 3811642.743056236 	Current : 3590000.0 	MA5 : 4019200.0 	Buy_yn : False
2024-08-06 14:35:27.154021 	openTime : 2024-08-07 09:00:10 	Target : 3811642.743056236 	Current : 3592000.0 	MA5 : 4019200.0 	Buy_yn : False
2024-08-06 14:36:32.655230 	openTime : 2024-08-07 09:00:10 	Target : 3811642.743056236 	Current : 3607000.0 	MA5 : 4019200.0 	Buy_yn : False
2024-08-06 14:37:39.159532 	openTime : 2024-08-07 09:00:10 	Target : 3811642.743056236 	Current : 3610000.0 	MA5 : 4019200.0 	Buy_yn : False
2024-08-06 14:38:44.027385 	openTime : 2024-08-07 09:00:10 	Target : 3811642.743056236 	Current : 3612000.0 	MA5 : 4019200.0 	Buy_yn : False
2024-08-06 14:39:49.649137 	openTime : 2024-08-07 09:00:10 	Target : 3811642.743056236 	Current : 3617000.0 	MA5 : 4019200.0 	Buy_yn : False
2024-08-06 14:40:55.096935 	openTime : 2024-08-07 09:00:10 	Target : 3811642.743056236 	Current : 3614000.0 	MA5 : 4019200.0 	Buy_yn : False
2024-08-06 14:42:01.375495 	openTime : 2024-08-07 09:00:10 	Target : 3811642.743056236 	Current : 3612000.0 	MA5 : 4019200.0 	Buy_yn : False
2024-08-06 14:43:05.773587 	openTime : 2024-08-07 09:00:10 	Target : 3811642.743056236 	Current : 3614000.0 	MA5 : 4019200.0 	Buy_yn : False
2024-08-06 14:44:10.337388 	openTime : 2024-08-07 09:00:10 	Target : 3811642.743056236 	Current : 3618000.0 	MA5 : 4019200.0 	Buy_yn : False
2024-08-06 14:45:13.139695 	openTime : 2024-08-07 09:00:10 	Target : 3811642.743056236 	Current : 3619000.0 	MA5 : 4019200.0 	Buy_yn : False
2024-08-06 14:46:17.516119 	openTime : 2024-08-07 09:00:10 	Target : 3811642.743056236 	Current : 3617000.0 	MA5 : 4019200.0 	Buy_yn : False
2024-08-06 14:47:22.747390 	openTime : 2024-08-07 09:00:10 	Target : 3811642.743056236 	Current : 3621000.0 	MA5 : 4019200.0 	Buy_yn : False
2024-08-06 14:48:27.516805 	openTime : 2024-08-07 09:00:10 	Target : 3811642.743056236 	Current : 3622000.0 	MA5 : 4019200.0 	Buy_yn : False
2024-08-06 14:49:32.060371 	openTime : 2024-08-07 09:00:10 	Target : 3811642.743056236 	Current : 3630000.0 	MA5 : 4019200.0 	Buy_yn : False
2024-08-06 14:50:37.025534 	openTime : 2024-08-07 09:00:10 	Target : 3811642.743056236 	Current : 3629000.0 	MA5 : 4019200.0 	Buy_yn : False
2024-08-06 14:51:42.657776 	openTime : 2024-08-07 09:00:10 	Target : 3811642.743056236 	Current : 3631000.0 	MA5 : 4019200.0 	Buy_yn : False
2024-08-06 14:52:48.689009 	openTime : 2024-08-07 09:00:10 	Target : 3811642.743056236 	Current : 3630000.0 	MA5 : 4019200.0 	Buy_yn : False
2024-08-06 14:53:53.302740 	openTime : 2024-08-07 09:00:10 	Target : 3811642.743056236 	Current : 3627000.0 	MA5 : 4019200.0 	Buy_yn : False
2024-08-06 14:54:57.588106 	openTime : 2024-08-07 09:00:10 	Target : 3811642.743056236 	Current : 3630000.0 	MA5 : 4019200.0 	Buy_yn : False
2024-08-06 14:56:01.660124 	openTime : 2024-08-07 09:00:10 	Target : 3811642.743056236 	Current : 3627000.0 	MA5 : 4019200.0 	Buy_yn : False
2024-08-06 14:57:06.196449 	openTime : 2024-08-07 09:00:10 	Target : 3811642.743056236 	Current : 3626000.0 	MA5 : 4019200.0 	Buy_yn : False
2024-08-06 14:58:11.330004 	openTime : 2024-08-07 09:00:10 	Target : 3811642.743056236 	Current : 3626000.0 	MA5 : 4019200.0 	Buy_yn : False
2024-08-06 14:59:15.632093 	openTime : 2024-08-07 09:00:10 	Target : 3811642.743056236 	Current : 3631000.0 	MA5 : 4019200.0 	Buy_yn : False
2024-08-06 15:00:20.727016 	openTime : 2024-08-07 09:00:10 	Target : 3811642.743056236 	Current : 3629000.0 	MA5 : 4019200.0 	Buy_yn : False
2024-08-06 15:01:25.875056 	openTime : 2024-08-07 09:00:10 	Target : 3811642.743056236 	Current : 3624000.0 	MA5 : 4019200.0 	Buy_yn : False
2024-08-06 15:02:29.983051 	openTime : 2024-08-07 09:00:10 	Target : 3811642.743056236 	Current : 3628000.0 	MA5 : 4019200.0 	Buy_yn : False
2024-08-06 15:03:34.185404 	openTime : 2024-08-07 09:00:10 	Target : 3811642.743056236 	Current : 3629000.0 	MA5 : 4019200.0 	Buy_yn : False
2024-08-06 15:04:38.602325 	openTime : 2024-08-07 09:00:10 	Target : 3811642.743056236 	Current : 3628000.0 	MA5 : 4019200.0 	Buy_yn : False
2024-08-06 15:05:43.280044 	openTime : 2024-08-07 09:00:10 	Target : 3811642.743056236 	Current : 3629000.0 	MA5 : 4019200.0 	Buy_yn : False
2024-08-06 15:06:48.165829 	openTime : 2024-08-07 09:00:10 	Target : 3811642.743056236 	Current : 3636000.0 	MA5 : 4019200.0 	Buy_yn : False
2024-08-06 15:07:52.482791 	openTime : 2024-08-07 09:00:10 	Target : 3811642.743056236 	Current : 3634000.0 	MA5 : 4019200.0 	Buy_yn : False
2024-08-06 15:08:56.716456 	openTime : 2024-08-07 09:00:10 	Target : 3811642.743056236 	Current : 3632000.0 	MA5 : 4019200.0 	Buy_yn : False
2024-08-06 15:10:03.143859 	openTime : 2024-08-07 09:00:10 	Target : 3811642.743056236 	Current : 3621000.0 	MA5 : 4019200.0 	Buy_yn : False
2024-08-06 15:11:08.102214 	openTime : 2024-08-07 09:00:10 	Target : 3811642.743056236 	Current : 3613000.0 	MA5 : 4019200.0 	Buy_yn : False
2024-08-06 15:12:12.013562 	openTime : 2024-08-07 09:00:10 	Target : 3811642.743056236 	Current : 3610000.0 	MA5 : 4019200.0 	Buy_yn : False
2024-08-06 15:13:16.094948 	openTime : 2024-08-07 09:00:10 	Target : 3811642.743056236 	Current : 3608000.0 	MA5 : 4019200.0 	Buy_yn : False
2024-08-06 15:14:20.024568 	openTime : 2024-08-07 09:00:10 	Target : 3811642.743056236 	Current : 3610000.0 	MA5 : 4019200.0 	Buy_yn : False
2024-08-06 15:15:26.096468 	openTime : 2024-08-07 09:00:10 	Target : 3811642.743056236 	Current : 3609000.0 	MA5 : 4019200.0 	Buy_yn : False
2024-08-06 15:16:30.071819 	openTime : 2024-08-07 09:00:10 	Target : 3811642.743056236 	Current : 3608000.0 	MA5 : 4019200.0 	Buy_yn : False
2024-08-06 15:17:34.359028 	openTime : 2024-08-07 09:00:10 	Target : 3811642.743056236 	Current : 3604000.0 	MA5 : 4019200.0 	Buy_yn : False
2024-08-06 15:18:38.272666 	openTime : 2024-08-07 09:00:10 	Target : 3811642.743056236 	Current : 3608000.0 	MA5 : 4019200.0 	Buy_yn : False
2024-08-06 15:19:42.278854 	openTime : 2024-08-07 09:00:10 	Target : 3811642.743056236 	Current : 3612000.0 	MA5 : 4019200.0 	Buy_yn : False
2024-08-06 15:20:46.274132 	openTime : 2024-08-07 09:00:10 	Target : 3811642.743056236 	Current : 3615000.0 	MA5 : 4019200.0 	Buy_yn : False
2024-08-06 15:21:50.161966 	openTime : 2024-08-07 09:00:10 	Target : 3811642.743056236 	Current : 3615000.0 	MA5 : 4019200.0 	Buy_yn : False
2024-08-06 15:22:54.064124 	openTime : 2024-08-07 09:00:10 	Target : 3811642.743056236 	Current : 3619000.0 	MA5 : 4019200.0 	Buy_yn : False
2024-08-06 15:23:58.053617 	openTime : 2024-08-07 09:00:10 	Target : 3811642.743056236 	Current : 3625000.0 	MA5 : 4019200.0 	Buy_yn : False
2024-08-06 15:25:02.129226 	openTime : 2024-08-07 09:00:10 	Target : 3811642.743056236 	Current : 3632000.0 	MA5 : 4019200.0 	Buy_yn : False
2024-08-06 15:26:06.169424 	openTime : 2024-08-07 09:00:10 	Target : 3811642.743056236 	Current : 3630000.0 	MA5 : 4019200.0 	Buy_yn : False
2024-08-06 15:27:10.326843 	openTime : 2024-08-07 09:00:10 	Target : 3811642.743056236 	Current : 3631000.0 	MA5 : 4019200.0 	Buy_yn : False
2024-08-06 15:28:14.473370 	openTime : 2024-08-07 09:00:10 	Target : 3811642.743056236 	Current : 3631000.0 	MA5 : 4019200.0 	Buy_yn : False
2024-08-06 15:32:02.132857 	openTime : 2024-08-07 09:00:10 	Target : 3811642.743056236 	Current : 3625000.0 	MA5 : 4019200.0 	Buy_yn : False
2024-08-06 15:33:06.099582 	openTime : 2024-08-07 09:00:10 	Target : 3811642.743056236 	Current : 3624000.0 	MA5 : 4019200.0 	Buy_yn : False
2024-08-06 15:34:09.981313 	openTime : 2024-08-07 09:00:10 	Target : 3811642.743056236 	Current : 3635000.0 	MA5 : 4019200.0 	Buy_yn : False
2024-08-06 15:35:14.170225 	openTime : 2024-08-07 09:00:10 	Target : 3811642.743056236 	Current : 3633000.0 	MA5 : 4019200.0 	Buy_yn : False
2024-08-06 15:36:18.455608 	openTime : 2024-08-07 09:00:10 	Target : 3811642.743056236 	Current : 3637000.0 	MA5 : 4019200.0 	Buy_yn : False
2024-08-06 15:37:22.500870 	openTime : 2024-08-07 09:00:10 	Target : 3811642.743056236 	Current : 3642000.0 	MA5 : 4019200.0 	Buy_yn : False
2024-08-06 15:38:26.514992 	openTime : 2024-08-07 09:00:10 	Target : 3811642.743056236 	Current : 3641000.0 	MA5 : 4019200.0 	Buy_yn : False
2024-08-06 15:39:30.871755 	openTime : 2024-08-07 09:00:10 	Target : 3811642.743056236 	Current : 3642000.0 	MA5 : 4019200.0 	Buy_yn : False
2024-08-06 15:40:34.869020 	openTime : 2024-08-07 09:00:10 	Target : 3811642.743056236 	Current : 3637000.0 	MA5 : 4019200.0 	Buy_yn : False
2024-08-06 15:41:38.914325 	openTime : 2024-08-07 09:00:10 	Target : 3811642.743056236 	Current : 3629000.0 	MA5 : 4019200.0 	Buy_yn : False
2024-08-06 15:42:42.855480 	openTime : 2024-08-07 09:00:10 	Target : 3811642.743056236 	Current : 3629000.0 	MA5 : 4019200.0 	Buy_yn : False
2024-08-06 15:43:46.940929 	openTime : 2024-08-07 09:00:10 	Target : 3811642.743056236 	Current : 3631000.0 	MA5 : 4019200.0 	Buy_yn : False
2024-08-06 15:44:50.991738 	openTime : 2024-08-07 09:00:10 	Target : 3811642.743056236 	Current : 3636000.0 	MA5 : 4019200.0 	Buy_yn : False
2024-08-06 15:45:55.499829 	openTime : 2024-08-07 09:00:10 	Target : 3811642.743056236 	Current : 3632000.0 	MA5 : 4019200.0 	Buy_yn : False
2024-08-06 15:46:59.758675 	openTime : 2024-08-07 09:00:10 	Target : 3811642.743056236 	Current : 3623000.0 	MA5 : 4019200.0 	Buy_yn : False
2024-08-06 15:48:04.037698 	openTime : 2024-08-07 09:00:10 	Target : 3811642.743056236 	Current : 3623000.0 	MA5 : 4019200.0 	Buy_yn : False
2024-08-06 15:49:08.107613 	openTime : 2024-08-07 09:00:10 	Target : 3811642.743056236 	Current : 3625000.0 	MA5 : 4019200.0 	Buy_yn : False
2024-08-06 15:50:12.152283 	openTime : 2024-08-07 09:00:10 	Target : 3811642.743056236 	Current : 3627000.0 	MA5 : 4019200.0 	Buy_yn : False
2024-08-06 15:51:16.379443 	openTime : 2024-08-07 09:00:10 	Target : 3811642.743056236 	Current : 3629000.0 	MA5 : 4019200.0 	Buy_yn : False
2024-08-06 15:52:20.215152 	openTime : 2024-08-07 09:00:10 	Target : 3811642.743056236 	Current : 3626000.0 	MA5 : 4019200.0 	Buy_yn : False
2024-08-06 15:53:24.147295 	openTime : 2024-08-07 09:00:10 	Target : 3811642.743056236 	Current : 3628000.0 	MA5 : 4019200.0 	Buy_yn : False
2024-08-06 15:54:28.217186 	openTime : 2024-08-07 09:00:10 	Target : 3811642.743056236 	Current : 3625000.0 	MA5 : 4019200.0 	Buy_yn : False
2024-08-06 15:55:32.283590 	openTime : 2024-08-07 09:00:10 	Target : 3811642.743056236 	Current : 3621000.0 	MA5 : 4019200.0 	Buy_yn : False
2024-08-06 15:56:36.672553 	openTime : 2024-08-07 09:00:10 	Target : 3811642.743056236 	Current : 3618000.0 	MA5 : 4019200.0 	Buy_yn : False
2024-08-06 15:57:40.652561 	openTime : 2024-08-07 09:00:10 	Target : 3811642.743056236 	Current : 3620000.0 	MA5 : 4019200.0 	Buy_yn : False
2024-08-06 15:58:44.844298 	openTime : 2024-08-07 09:00:10 	Target : 3811642.743056236 	Current : 3619000.0 	MA5 : 4019200.0 	Buy_yn : False
2024-08-06 15:59:48.764832 	openTime : 2024-08-07 09:00:10 	Target : 3811642.743056236 	Current : 3621000.0 	MA5 : 4019200.0 	Buy_yn : False
2024-08-06 16:00:52.709555 	openTime : 2024-08-07 09:00:10 	Target : 3811642.743056236 	Current : 3618000.0 	MA5 : 4019200.0 	Buy_yn : False
2024-08-06 16:01:56.812335 	openTime : 2024-08-07 09:00:10 	Target : 3811642.743056236 	Current : 3609000.0 	MA5 : 4019200.0 	Buy_yn : False
2024-08-06 16:03:00.905569 	openTime : 2024-08-07 09:00:10 	Target : 3811642.743056236 	Current : 3611000.0 	MA5 : 4019200.0 	Buy_yn : False
2024-08-06 16:04:05.285773 	openTime : 2024-08-07 09:00:10 	Target : 3811642.743056236 	Current : 3618000.0 	MA5 : 4019200.0 	Buy_yn : False
2024-08-06 16:05:09.458029 	openTime : 2024-08-07 09:00:10 	Target : 3811642.743056236 	Current : 3619000.0 	MA5 : 4019200.0 	Buy_yn : False
2024-08-06 16:06:13.734488 	openTime : 2024-08-07 09:00:10 	Target : 3811642.743056236 	Current : 3612000.0 	MA5 : 4019200.0 	Buy_yn : False
2024-08-06 16:07:18.016752 	openTime : 2024-08-07 09:00:10 	Target : 3811642.743056236 	Current : 3614000.0 	MA5 : 4019200.0 	Buy_yn : False
2024-08-06 16:08:21.975889 	openTime : 2024-08-07 09:00:10 	Target : 3811642.743056236 	Current : 3615000.0 	MA5 : 4019200.0 	Buy_yn : False
2024-08-06 16:09:26.639348 	openTime : 2024-08-07 09:00:10 	Target : 3811642.743056236 	Current : 3618000.0 	MA5 : 4019200.0 	Buy_yn : False
2024-08-06 16:10:30.758465 	openTime : 2024-08-07 09:00:10 	Target : 3811642.743056236 	Current : 3615000.0 	MA5 : 4019200.0 	Buy_yn : False
2024-08-06 16:11:34.947688 	openTime : 2024-08-07 09:00:10 	Target : 3811642.743056236 	Current : 3606000.0 	MA5 : 4019200.0 	Buy_yn : False
2024-08-06 16:12:38.909247 	openTime : 2024-08-07 09:00:10 	Target : 3811642.743056236 	Current : 3602000.0 	MA5 : 4019200.0 	Buy_yn : False
2024-08-06 16:13:42.935940 	openTime : 2024-08-07 09:00:10 	Target : 3811642.743056236 	Current : 3601000.0 	MA5 : 4019200.0 	Buy_yn : False
2024-08-06 16:14:47.222396 	openTime : 2024-08-07 09:00:10 	Target : 3811642.743056236 	Current : 3593000.0 	MA5 : 4019200.0 	Buy_yn : False
2024-08-06 16:15:51.238373 	openTime : 2024-08-07 09:00:10 	Target : 3811642.743056236 	Current : 3599000.0 	MA5 : 4019200.0 	Buy_yn : False
2024-08-06 16:16:55.592086 	openTime : 2024-08-07 09:00:10 	Target : 3811642.743056236 	Current : 3605000.0 	MA5 : 4019200.0 	Buy_yn : False
2024-08-06 16:17:59.613058 	openTime : 2024-08-07 09:00:10 	Target : 3811642.743056236 	Current : 3602000.0 	MA5 : 4019200.0 	Buy_yn : False
2024-08-06 16:19:03.624953 	openTime : 2024-08-07 09:00:10 	Target : 3811642.743056236 	Current : 3599000.0 	MA5 : 4019200.0 	Buy_yn : False
2024-08-06 16:20:07.826997 	openTime : 2024-08-07 09:00:10 	Target : 3811642.743056236 	Current : 3609000.0 	MA5 : 4019200.0 	Buy_yn : False
2024-08-06 16:21:11.791586 	openTime : 2024-08-07 09:00:10 	Target : 3811642.743056236 	Current : 3606000.0 	MA5 : 4019200.0 	Buy_yn : False
2024-08-06 16:22:15.747665 	openTime : 2024-08-07 09:00:10 	Target : 3811642.743056236 	Current : 3606000.0 	MA5 : 4019200.0 	Buy_yn : False
2024-08-06 16:23:19.738062 	openTime : 2024-08-07 09:00:10 	Target : 3811642.743056236 	Current : 3604000.0 	MA5 : 4019200.0 	Buy_yn : False
2024-08-06 16:24:23.611332 	openTime : 2024-08-07 09:00:10 	Target : 3811642.743056236 	Current : 3601000.0 	MA5 : 4019200.0 	Buy_yn : False
2024-08-06 16:25:27.606157 	openTime : 2024-08-07 09:00:10 	Target : 3811642.743056236 	Current : 3597000.0 	MA5 : 4019200.0 	Buy_yn : False
2024-08-06 16:26:31.481301 	openTime : 2024-08-07 09:00:10 	Target : 3811642.743056236 	Current : 3594000.0 	MA5 : 4019200.0 	Buy_yn : False
2024-08-06 16:27:35.649773 	openTime : 2024-08-07 09:00:10 	Target : 3811642.743056236 	Current : 3596000.0 	MA5 : 4019200.0 	Buy_yn : False
2024-08-06 16:28:39.497763 	openTime : 2024-08-07 09:00:10 	Target : 3811642.743056236 	Current : 3593000.0 	MA5 : 4019200.0 	Buy_yn : False
2024-08-06 16:29:43.546807 	openTime : 2024-08-07 09:00:10 	Target : 3811642.743056236 	Current : 3595000.0 	MA5 : 4019200.0 	Buy_yn : False
2024-08-06 16:30:47.563977 	openTime : 2024-08-07 09:00:10 	Target : 3811642.743056236 	Current : 3601000.0 	MA5 : 4019200.0 	Buy_yn : False
2024-08-06 16:31:51.492763 	openTime : 2024-08-07 09:00:10 	Target : 3811642.743056236 	Current : 3602000.0 	MA5 : 4019200.0 	Buy_yn : False
2024-08-06 16:32:55.409542 	openTime : 2024-08-07 09:00:10 	Target : 3811642.743056236 	Current : 3610000.0 	MA5 : 4019200.0 	Buy_yn : False
2024-08-06 16:33:59.372246 	openTime : 2024-08-07 09:00:10 	Target : 3811642.743056236 	Current : 3611000.0 	MA5 : 4019200.0 	Buy_yn : False
2024-08-06 16:35:03.391306 	openTime : 2024-08-07 09:00:10 	Target : 3811642.743056236 	Current : 3612000.0 	MA5 : 4019200.0 	Buy_yn : False
2024-08-06 16:36:07.387117 	openTime : 2024-08-07 09:00:10 	Target : 3811642.743056236 	Current : 3611000.0 	MA5 : 4019200.0 	Buy_yn : False
2024-08-06 16:37:11.333117 	openTime : 2024-08-07 09:00:10 	Target : 3811642.743056236 	Current : 3613000.0 	MA5 : 4019200.0 	Buy_yn : False
2024-08-06 16:38:15.328079 	openTime : 2024-08-07 09:00:10 	Target : 3811642.743056236 	Current : 3612000.0 	MA5 : 4019200.0 	Buy_yn : False
2024-08-06 16:39:19.336612 	openTime : 2024-08-07 09:00:10 	Target : 3811642.743056236 	Current : 3616000.0 	MA5 : 4019200.0 	Buy_yn : False
2024-08-06 16:40:23.617809 	openTime : 2024-08-07 09:00:10 	Target : 3811642.743056236 	Current : 3615000.0 	MA5 : 4019200.0 	Buy_yn : False
2024-08-06 16:41:27.831075 	openTime : 2024-08-07 09:00:10 	Target : 3811642.743056236 	Current : 3617000.0 	MA5 : 4019200.0 	Buy_yn : False
2024-08-06 16:42:31.788322 	openTime : 2024-08-07 09:00:10 	Target : 3811642.743056236 	Current : 3619000.0 	MA5 : 4019200.0 	Buy_yn : False
2024-08-06 16:43:35.685910 	openTime : 2024-08-07 09:00:10 	Target : 3811642.743056236 	Current : 3626000.0 	MA5 : 4019200.0 	Buy_yn : False
2024-08-06 16:44:39.627311 	openTime : 2024-08-07 09:00:10 	Target : 3811642.743056236 	Current : 3620000.0 	MA5 : 4019200.0 	Buy_yn : False
2024-08-06 16:45:43.588921 	openTime : 2024-08-07 09:00:10 	Target : 3811642.743056236 	Current : 3619000.0 	MA5 : 4019200.0 	Buy_yn : False
2024-08-06 16:46:47.627097 	openTime : 2024-08-07 09:00:10 	Target : 3811642.743056236 	Current : 3624000.0 	MA5 : 4019200.0 	Buy_yn : False
2024-08-06 16:47:51.615583 	openTime : 2024-08-07 09:00:10 	Target : 3811642.743056236 	Current : 3630000.0 	MA5 : 4019200.0 	Buy_yn : False
2024-08-06 16:48:56.383473 	openTime : 2024-08-07 09:00:10 	Target : 3811642.743056236 	Current : 3626000.0 	MA5 : 4019200.0 	Buy_yn : False
2024-08-06 16:50:00.500124 	openTime : 2024-08-07 09:00:10 	Target : 3811642.743056236 	Current : 3618000.0 	MA5 : 4019200.0 	Buy_yn : False
2024-08-06 16:51:04.644101 	openTime : 2024-08-07 09:00:10 	Target : 3811642.743056236 	Current : 3625000.0 	MA5 : 4019200.0 	Buy_yn : False
2024-08-06 16:52:09.206060 	openTime : 2024-08-07 09:00:10 	Target : 3811642.743056236 	Current : 3625000.0 	MA5 : 4019200.0 	Buy_yn : False
2024-08-06 16:53:13.242750 	openTime : 2024-08-07 09:00:10 	Target : 3811642.743056236 	Current : 3630000.0 	MA5 : 4019200.0 	Buy_yn : False
2024-08-06 16:54:17.213996 	openTime : 2024-08-07 09:00:10 	Target : 3811642.743056236 	Current : 3624000.0 	MA5 : 4019200.0 	Buy_yn : False
2024-08-06 16:55:21.324535 	openTime : 2024-08-07 09:00:10 	Target : 3811642.743056236 	Current : 3620000.0 	MA5 : 4019200.0 	Buy_yn : False
2024-08-06 16:56:25.299634 	openTime : 2024-08-07 09:00:10 	Target : 3811642.743056236 	Current : 3625000.0 	MA5 : 4019200.0 	Buy_yn : False
2024-08-06 16:57:29.283637 	openTime : 2024-08-07 09:00:10 	Target : 3811642.743056236 	Current : 3628000.0 	MA5 : 4019200.0 	Buy_yn : False
2024-08-06 16:58:33.315835 	openTime : 2024-08-07 09:00:10 	Target : 3811642.743056236 	Current : 3628000.0 	MA5 : 4019200.0 	Buy_yn : False
2024-08-06 16:59:37.288256 	openTime : 2024-08-07 09:00:10 	Target : 3811642.743056236 	Current : 3624000.0 	MA5 : 4019200.0 	Buy_yn : False
2024-08-06 17:00:41.701937 	openTime : 2024-08-07 09:00:10 	Target : 3811642.743056236 	Current : 3622000.0 	MA5 : 4019200.0 	Buy_yn : False
2024-08-06 17:01:45.798491 	openTime : 2024-08-07 09:00:10 	Target : 3811642.743056236 	Current : 3613000.0 	MA5 : 4019200.0 	Buy_yn : False
2024-08-06 17:02:49.907006 	openTime : 2024-08-07 09:00:10 	Target : 3811642.743056236 	Current : 3612000.0 	MA5 : 4019200.0 	Buy_yn : False
2024-08-06 17:03:54.021622 	openTime : 2024-08-07 09:00:10 	Target : 3811642.743056236 	Current : 3619000.0 	MA5 : 4019200.0 	Buy_yn : False
2024-08-06 17:04:58.144153 	openTime : 2024-08-07 09:00:10 	Target : 3811642.743056236 	Current : 3614000.0 	MA5 : 4019200.0 	Buy_yn : False
2024-08-06 17:06:02.368494 	openTime : 2024-08-07 09:00:10 	Target : 3811642.743056236 	Current : 3615000.0 	MA5 : 4019200.0 	Buy_yn : False
2024-08-06 17:07:06.600506 	openTime : 2024-08-07 09:00:10 	Target : 3811642.743056236 	Current : 3624000.0 	MA5 : 4019200.0 	Buy_yn : False
2024-08-06 17:08:10.529790 	openTime : 2024-08-07 09:00:10 	Target : 3811642.743056236 	Current : 3622000.0 	MA5 : 4019200.0 	Buy_yn : False
2024-08-06 17:09:14.714792 	openTime : 2024-08-07 09:00:10 	Target : 3811642.743056236 	Current : 3612000.0 	MA5 : 4019200.0 	Buy_yn : False
2024-08-06 17:10:18.663090 	openTime : 2024-08-07 09:00:10 	Target : 3811642.743056236 	Current : 3605000.0 	MA5 : 4019200.0 	Buy_yn : False
2024-08-06 17:11:22.561336 	openTime : 2024-08-07 09:00:10 	Target : 3811642.743056236 	Current : 3614000.0 	MA5 : 4019200.0 	Buy_yn : False
2024-08-06 17:12:26.547742 	openTime : 2024-08-07 09:00:10 	Target : 3811642.743056236 	Current : 3612000.0 	MA5 : 4019200.0 	Buy_yn : False
2024-08-06 17:13:30.736918 	openTime : 2024-08-07 09:00:10 	Target : 3811642.743056236 	Current : 3612000.0 	MA5 : 4019200.0 	Buy_yn : False
2024-08-06 17:14:34.978100 	openTime : 2024-08-07 09:00:10 	Target : 3811642.743056236 	Current : 3605000.0 	MA5 : 4019200.0 	Buy_yn : False
2024-08-06 17:15:39.269452 	openTime : 2024-08-07 09:00:10 	Target : 3811642.743056236 	Current : 3599000.0 	MA5 : 4019200.0 	Buy_yn : False
2024-08-06 17:16:43.250677 	openTime : 2024-08-07 09:00:10 	Target : 3811642.743056236 	Current : 3599000.0 	MA5 : 4019200.0 	Buy_yn : False
2024-08-06 17:17:47.203053 	openTime : 2024-08-07 09:00:10 	Target : 3811642.743056236 	Current : 3592000.0 	MA5 : 4019200.0 	Buy_yn : False
2024-08-06 17:18:51.130030 	openTime : 2024-08-07 09:00:10 	Target : 3811642.743056236 	Current : 3591000.0 	MA5 : 4019200.0 	Buy_yn : False
2024-08-06 17:19:55.052377 	openTime : 2024-08-07 09:00:10 	Target : 3811642.743056236 	Current : 3591000.0 	MA5 : 4019200.0 	Buy_yn : False

==================== [ 데이터 갱신 시도 ] ====================
                          open       high  ...   targetPrice        ma5
2024-08-08 09:00:00  3338000.0  3818000.0  ...  3.501715e+06  3649400.0
2024-08-09 09:00:00  3757000.0  3803000.0  ...  4.010406e+06  3578800.0
2024-08-10 09:00:00  3655000.0  3721000.0  ...  3.753861e+06  3551600.0
2024-08-11 09:00:00  3670000.0  3802000.0  ...  3.711791e+06  3588800.0
2024-08-12 09:00:00  3601000.0  3638000.0  ...  3.712888e+06  3603800.0

[5 rows x 11 columns]
==================== [ 데이터 갱신 완료 ] ====================

2024-08-12 13:10:40.835345 	openTime : 2024-08-13 09:00:10 	Target : 3712888.455365766 	Current : 3582000.0 	MA5 : 3603800.0 	Buy_yn : False
2024-08-12 13:11:45.717493 	openTime : 2024-08-13 09:00:10 	Target : 3712888.455365766 	Current : 3578000.0 	MA5 : 3603800.0 	Buy_yn : False
2024-08-12 13:12:51.169603 	openTime : 2024-08-13 09:00:10 	Target : 3712888.455365766 	Current : 3575000.0 	MA5 : 3603800.0 	Buy_yn : False
2024-08-12 13:13:56.838267 	openTime : 2024-08-13 09:00:10 	Target : 3712888.455365766 	Current : 3573000.0 	MA5 : 3603800.0 	Buy_yn : False
2024-08-12 13:15:00.988459 	openTime : 2024-08-13 09:00:10 	Target : 3712888.455365766 	Current : 3573000.0 	MA5 : 3603800.0 	Buy_yn : False
2024-08-12 13:16:04.970289 	openTime : 2024-08-13 09:00:10 	Target : 3712888.455365766 	Current : 3572000.0 	MA5 : 3603800.0 	Buy_yn : False
2024-08-12 13:17:08.834404 	openTime : 2024-08-13 09:00:10 	Target : 3712888.455365766 	Current : 3570000.0 	MA5 : 3603800.0 	Buy_yn : False
2024-08-12 13:18:13.552282 	openTime : 2024-08-13 09:00:10 	Target : 3712888.455365766 	Current : 3568000.0 	MA5 : 3603800.0 	Buy_yn : False
2024-08-12 13:19:17.660667 	openTime : 2024-08-13 09:00:10 	Target : 3712888.455365766 	Current : 3569000.0 	MA5 : 3603800.0 	Buy_yn : False
2024-08-12 13:20:21.896852 	openTime : 2024-08-13 09:00:10 	Target : 3712888.455365766 	Current : 3572000.0 	MA5 : 3603800.0 	Buy_yn : False
2024-08-12 13:21:25.994700 	openTime : 2024-08-13 09:00:10 	Target : 3712888.455365766 	Current : 3572000.0 	MA5 : 3603800.0 	Buy_yn : False
2024-08-12 13:22:31.103228 	openTime : 2024-08-13 09:00:10 	Target : 3712888.455365766 	Current : 3570000.0 	MA5 : 3603800.0 	Buy_yn : False
2024-08-12 13:23:36.563994 	openTime : 2024-08-13 09:00:10 	Target : 3712888.455365766 	Current : 3572000.0 	MA5 : 3603800.0 	Buy_yn : False
2024-08-12 13:24:40.683564 	openTime : 2024-08-13 09:00:10 	Target : 3712888.455365766 	Current : 3570000.0 	MA5 : 3603800.0 	Buy_yn : False
2024-08-12 13:25:45.068947 	openTime : 2024-08-13 09:00:10 	Target : 3712888.455365766 	Current : 3575000.0 	MA5 : 3603800.0 	Buy_yn : False
2024-08-12 13:26:50.895059 	openTime : 2024-08-13 09:00:10 	Target : 3712888.455365766 	Current : 3574000.0 	MA5 : 3603800.0 	Buy_yn : False
2024-08-12 13:27:56.034477 	openTime : 2024-08-13 09:00:10 	Target : 3712888.455365766 	Current : 3579000.0 	MA5 : 3603800.0 	Buy_yn : False
2024-08-12 13:29:00.491231 	openTime : 2024-08-13 09:00:10 	Target : 3712888.455365766 	Current : 3578000.0 	MA5 : 3603800.0 	Buy_yn : False
2024-08-12 13:30:06.061994 	openTime : 2024-08-13 09:00:10 	Target : 3712888.455365766 	Current : 3581000.0 	MA5 : 3603800.0 	Buy_yn : False
2024-08-12 13:31:12.061443 	openTime : 2024-08-13 09:00:10 	Target : 3712888.455365766 	Current : 3578000.0 	MA5 : 3603800.0 	Buy_yn : False
2024-08-12 13:32:17.116913 	openTime : 2024-08-13 09:00:10 	Target : 3712888.455365766 	Current : 3580000.0 	MA5 : 3603800.0 	Buy_yn : False
2024-08-12 13:33:21.055460 	openTime : 2024-08-13 09:00:10 	Target : 3712888.455365766 	Current : 3581000.0 	MA5 : 3603800.0 	Buy_yn : False
2024-08-12 13:34:25.382215 	openTime : 2024-08-13 09:00:10 	Target : 3712888.455365766 	Current : 3579000.0 	MA5 : 3603800.0 	Buy_yn : False
2024-08-12 13:35:30.086605 	openTime : 2024-08-13 09:00:10 	Target : 3712888.455365766 	Current : 3579000.0 	MA5 : 3603800.0 	Buy_yn : False
2024-08-12 13:36:34.214155 	openTime : 2024-08-13 09:00:10 	Target : 3712888.455365766 	Current : 3581000.0 	MA5 : 3603800.0 	Buy_yn : False
2024-08-12 13:37:38.998741 	openTime : 2024-08-13 09:00:10 	Target : 3712888.455365766 	Current : 3580000.0 	MA5 : 3603800.0 	Buy_yn : False
2024-08-12 13:38:43.433212 	openTime : 2024-08-13 09:00:10 	Target : 3712888.455365766 	Current : 3579000.0 	MA5 : 3603800.0 	Buy_yn : False
2024-08-12 13:39:47.661152 	openTime : 2024-08-13 09:00:10 	Target : 3712888.455365766 	Current : 3581000.0 	MA5 : 3603800.0 	Buy_yn : False
2024-08-12 13:40:52.361022 	openTime : 2024-08-13 09:00:10 	Target : 3712888.455365766 	Current : 3582000.0 	MA5 : 3603800.0 	Buy_yn : False
2024-08-12 13:41:56.038687 	openTime : 2024-08-13 09:00:10 	Target : 3712888.455365766 	Current : 3582000.0 	MA5 : 3603800.0 	Buy_yn : False
2024-08-12 13:42:59.847672 	openTime : 2024-08-13 09:00:10 	Target : 3712888.455365766 	Current : 3582000.0 	MA5 : 3603800.0 	Buy_yn : False
2024-08-12 13:44:04.338308 	openTime : 2024-08-13 09:00:10 	Target : 3712888.455365766 	Current : 3583000.0 	MA5 : 3603800.0 	Buy_yn : False
2024-08-12 13:45:08.470823 	openTime : 2024-08-13 09:00:10 	Target : 3712888.455365766 	Current : 3586000.0 	MA5 : 3603800.0 	Buy_yn : False
2024-08-12 13:46:13.228051 	openTime : 2024-08-13 09:00:10 	Target : 3712888.455365766 	Current : 3587000.0 	MA5 : 3603800.0 	Buy_yn : False
2024-08-12 13:47:17.390460 	openTime : 2024-08-13 09:00:10 	Target : 3712888.455365766 	Current : 3586000.0 	MA5 : 3603800.0 	Buy_yn : False
2024-08-12 13:48:21.369813 	openTime : 2024-08-13 09:00:10 	Target : 3712888.455365766 	Current : 3589000.0 	MA5 : 3603800.0 	Buy_yn : False
2024-08-12 13:49:25.461810 	openTime : 2024-08-13 09:00:10 	Target : 3712888.455365766 	Current : 3592000.0 	MA5 : 3603800.0 	Buy_yn : False
2024-08-12 13:50:30.624713 	openTime : 2024-08-13 09:00:10 	Target : 3712888.455365766 	Current : 3587000.0 	MA5 : 3603800.0 	Buy_yn : False
2024-08-12 13:51:34.670257 	openTime : 2024-08-13 09:00:10 	Target : 3712888.455365766 	Current : 3585000.0 	MA5 : 3603800.0 	Buy_yn : False
2024-08-12 13:52:38.572947 	openTime : 2024-08-13 09:00:10 	Target : 3712888.455365766 	Current : 3585000.0 	MA5 : 3603800.0 	Buy_yn : False
2024-08-12 13:53:43.534696 	openTime : 2024-08-13 09:00:10 	Target : 3712888.455365766 	Current : 3585000.0 	MA5 : 3603800.0 	Buy_yn : False
2024-08-12 13:54:48.563564 	openTime : 2024-08-13 09:00:10 	Target : 3712888.455365766 	Current : 3581000.0 	MA5 : 3603800.0 	Buy_yn : False
2024-08-12 13:55:52.686528 	openTime : 2024-08-13 09:00:10 	Target : 3712888.455365766 	Current : 3584000.0 	MA5 : 3603800.0 	Buy_yn : False
2024-08-12 13:56:57.146320 	openTime : 2024-08-13 09:00:10 	Target : 3712888.455365766 	Current : 3580000.0 	MA5 : 3603800.0 	Buy_yn : False
2024-08-12 13:58:02.974787 	openTime : 2024-08-13 09:00:10 	Target : 3712888.455365766 	Current : 3580000.0 	MA5 : 3603800.0 	Buy_yn : False
2024-08-12 13:59:08.243550 	openTime : 2024-08-13 09:00:10 	Target : 3712888.455365766 	Current : 3576000.0 	MA5 : 3603800.0 	Buy_yn : False
2024-08-12 14:00:12.619228 	openTime : 2024-08-13 09:00:10 	Target : 3712888.455365766 	Current : 3574000.0 	MA5 : 3603800.0 	Buy_yn : False
2024-08-12 14:01:17.266202 	openTime : 2024-08-13 09:00:10 	Target : 3712888.455365766 	Current : 3576000.0 	MA5 : 3603800.0 	Buy_yn : False
2024-08-12 14:02:22.032556 	openTime : 2024-08-13 09:00:10 	Target : 3712888.455365766 	Current : 3577000.0 	MA5 : 3603800.0 	Buy_yn : False
2024-08-12 14:03:27.213810 	openTime : 2024-08-13 09:00:10 	Target : 3712888.455365766 	Current : 3582000.0 	MA5 : 3603800.0 	Buy_yn : False
2024-08-12 14:04:32.322579 	openTime : 2024-08-13 09:00:10 	Target : 3712888.455365766 	Current : 3576000.0 	MA5 : 3603800.0 	Buy_yn : False
2024-08-12 14:05:37.587134 	openTime : 2024-08-13 09:00:10 	Target : 3712888.455365766 	Current : 3580000.0 	MA5 : 3603800.0 	Buy_yn : False
2024-08-12 14:06:41.909512 	openTime : 2024-08-13 09:00:10 	Target : 3712888.455365766 	Current : 3580000.0 	MA5 : 3603800.0 	Buy_yn : False
2024-08-12 14:07:45.972955 	openTime : 2024-08-13 09:00:10 	Target : 3712888.455365766 	Current : 3574000.0 	MA5 : 3603800.0 	Buy_yn : False
2024-08-12 14:08:50.061451 	openTime : 2024-08-13 09:00:10 	Target : 3712888.455365766 	Current : 3575000.0 	MA5 : 3603800.0 	Buy_yn : False
2024-08-12 14:09:54.036861 	openTime : 2024-08-13 09:00:10 	Target : 3712888.455365766 	Current : 3576000.0 	MA5 : 3603800.0 	Buy_yn : False
2024-08-12 14:10:57.956809 	openTime : 2024-08-13 09:00:10 	Target : 3712888.455365766 	Current : 3579000.0 	MA5 : 3603800.0 	Buy_yn : False
2024-08-12 14:12:01.721118 	openTime : 2024-08-13 09:00:10 	Target : 3712888.455365766 	Current : 3580000.0 	MA5 : 3603800.0 	Buy_yn : False
2024-08-12 14:13:05.991695 	openTime : 2024-08-13 09:00:10 	Target : 3712888.455365766 	Current : 3580000.0 	MA5 : 3603800.0 	Buy_yn : False
2024-08-12 14:14:10.148571 	openTime : 2024-08-13 09:00:10 	Target : 3712888.455365766 	Current : 3581000.0 	MA5 : 3603800.0 	Buy_yn : False
2024-08-12 14:15:14.721782 	openTime : 2024-08-13 09:00:10 	Target : 3712888.455365766 	Current : 3581000.0 	MA5 : 3603800.0 	Buy_yn : False
2024-08-12 14:16:18.659192 	openTime : 2024-08-13 09:00:10 	Target : 3712888.455365766 	Current : 3576000.0 	MA5 : 3603800.0 	Buy_yn : False
2024-08-12 14:17:22.734758 	openTime : 2024-08-13 09:00:10 	Target : 3712888.455365766 	Current : 3580000.0 	MA5 : 3603800.0 	Buy_yn : False
2024-08-12 14:18:26.988917 	openTime : 2024-08-13 09:00:10 	Target : 3712888.455365766 	Current : 3583000.0 	MA5 : 3603800.0 	Buy_yn : False
2024-08-12 14:19:31.272589 	openTime : 2024-08-13 09:00:10 	Target : 3712888.455365766 	Current : 3584000.0 	MA5 : 3603800.0 	Buy_yn : False
2024-08-12 14:20:35.224188 	openTime : 2024-08-13 09:00:10 	Target : 3712888.455365766 	Current : 3578000.0 	MA5 : 3603800.0 	Buy_yn : False
2024-08-12 14:21:39.237223 	openTime : 2024-08-13 09:00:10 	Target : 3712888.455365766 	Current : 3581000.0 	MA5 : 3603800.0 	Buy_yn : False
2024-08-12 14:22:43.238280 	openTime : 2024-08-13 09:00:10 	Target : 3712888.455365766 	Current : 3584000.0 	MA5 : 3603800.0 	Buy_yn : False
2024-08-12 14:23:47.302007 	openTime : 2024-08-13 09:00:10 	Target : 3712888.455365766 	Current : 3584000.0 	MA5 : 3603800.0 	Buy_yn : False
2024-08-12 14:24:51.187789 	openTime : 2024-08-13 09:00:10 	Target : 3712888.455365766 	Current : 3581000.0 	MA5 : 3603800.0 	Buy_yn : False
2024-08-12 14:25:55.132029 	openTime : 2024-08-13 09:00:10 	Target : 3712888.455365766 	Current : 3578000.0 	MA5 : 3603800.0 	Buy_yn : False
2024-08-12 14:26:59.574874 	openTime : 2024-08-13 09:00:10 	Target : 3712888.455365766 	Current : 3578000.0 	MA5 : 3603800.0 	Buy_yn : False
2024-08-12 14:28:03.673868 	openTime : 2024-08-13 09:00:10 	Target : 3712888.455365766 	Current : 3577000.0 	MA5 : 3603800.0 	Buy_yn : False
2024-08-12 14:29:08.418231 	openTime : 2024-08-13 09:00:10 	Target : 3712888.455365766 	Current : 3581000.0 	MA5 : 3603800.0 	Buy_yn : False
2024-08-12 14:30:12.485176 	openTime : 2024-08-13 09:00:10 	Target : 3712888.455365766 	Current : 3586000.0 	MA5 : 3603800.0 	Buy_yn : False
2024-08-12 14:31:16.863651 	openTime : 2024-08-13 09:00:10 	Target : 3712888.455365766 	Current : 3583000.0 	MA5 : 3603800.0 	Buy_yn : False
2024-08-12 14:32:21.117954 	openTime : 2024-08-13 09:00:10 	Target : 3712888.455365766 	Current : 3582000.0 	MA5 : 3603800.0 	Buy_yn : False
2024-08-12 14:33:25.597530 	openTime : 2024-08-13 09:00:10 	Target : 3712888.455365766 	Current : 3584000.0 	MA5 : 3603800.0 	Buy_yn : False
2024-08-12 14:34:30.601362 	openTime : 2024-08-13 09:00:10 	Target : 3712888.455365766 	Current : 3583000.0 	MA5 : 3603800.0 	Buy_yn : False
2024-08-12 14:35:34.598458 	openTime : 2024-08-13 09:00:10 	Target : 3712888.455365766 	Current : 3589000.0 	MA5 : 3603800.0 	Buy_yn : False
2024-08-12 14:36:38.521915 	openTime : 2024-08-13 09:00:10 	Target : 3712888.455365766 	Current : 3585000.0 	MA5 : 3603800.0 	Buy_yn : False
2024-08-12 14:37:38.302558 	openTime : 2024-08-13 09:00:10 	Target : 3712888.455365766 	Current : 3587000.0 	MA5 : 3603800.0 	Buy_yn : False
2024-08-12 14:38:42.496775 	openTime : 2024-08-13 09:00:10 	Target : 3712888.455365766 	Current : 3586000.0 	MA5 : 3603800.0 	Buy_yn : False
2024-08-12 14:39:46.601484 	openTime : 2024-08-13 09:00:10 	Target : 3712888.455365766 	Current : 3587000.0 	MA5 : 3603800.0 	Buy_yn : False
2024-08-12 14:40:50.440289 	openTime : 2024-08-13 09:00:10 	Target : 3712888.455365766 	Current : 3584000.0 	MA5 : 3603800.0 	Buy_yn : False
2024-08-12 14:41:54.825381 	openTime : 2024-08-13 09:00:10 	Target : 3712888.455365766 	Current : 3579000.0 	MA5 : 3603800.0 	Buy_yn : False
2024-08-12 14:42:58.819522 	openTime : 2024-08-13 09:00:10 	Target : 3712888.455365766 	Current : 3579000.0 	MA5 : 3603800.0 	Buy_yn : False
2024-08-12 14:44:02.864270 	openTime : 2024-08-13 09:00:10 	Target : 3712888.455365766 	Current : 3578000.0 	MA5 : 3603800.0 	Buy_yn : False
2024-08-12 14:45:06.873229 	openTime : 2024-08-13 09:00:10 	Target : 3712888.455365766 	Current : 3573000.0 	MA5 : 3603800.0 	Buy_yn : False
2024-08-12 14:46:11.733834 	openTime : 2024-08-13 09:00:10 	Target : 3712888.455365766 	Current : 3569000.0 	MA5 : 3603800.0 	Buy_yn : False
2024-08-12 14:47:16.743857 	openTime : 2024-08-13 09:00:10 	Target : 3712888.455365766 	Current : 3567000.0 	MA5 : 3603800.0 	Buy_yn : False
2024-08-12 14:48:21.502366 	openTime : 2024-08-13 09:00:10 	Target : 3712888.455365766 	Current : 3568000.0 	MA5 : 3603800.0 	Buy_yn : False
2024-08-12 14:49:26.105072 	openTime : 2024-08-13 09:00:10 	Target : 3712888.455365766 	Current : 3570000.0 	MA5 : 3603800.0 	Buy_yn : False
2024-08-12 14:50:30.828506 	openTime : 2024-08-13 09:00:10 	Target : 3712888.455365766 	Current : 3571000.0 	MA5 : 3603800.0 	Buy_yn : False
2024-08-12 14:51:35.451133 	openTime : 2024-08-13 09:00:10 	Target : 3712888.455365766 	Current : 3582000.0 	MA5 : 3603800.0 	Buy_yn : False
2024-08-12 14:52:40.119994 	openTime : 2024-08-13 09:00:10 	Target : 3712888.455365766 	Current : 3580000.0 	MA5 : 3603800.0 	Buy_yn : False
2024-08-12 14:53:45.716367 	openTime : 2024-08-13 09:00:10 	Target : 3712888.455365766 	Current : 3582000.0 	MA5 : 3603800.0 	Buy_yn : False
2024-08-12 14:54:50.412425 	openTime : 2024-08-13 09:00:10 	Target : 3712888.455365766 	Current : 3584000.0 	MA5 : 3603800.0 	Buy_yn : False
2024-08-12 14:55:55.917633 	openTime : 2024-08-13 09:00:10 	Target : 3712888.455365766 	Current : 3585000.0 	MA5 : 3603800.0 	Buy_yn : False
2024-08-12 14:57:00.445220 	openTime : 2024-08-13 09:00:10 	Target : 3712888.455365766 	Current : 3586000.0 	MA5 : 3603800.0 	Buy_yn : False
2024-08-12 14:58:04.875032 	openTime : 2024-08-13 09:00:10 	Target : 3712888.455365766 	Current : 3584000.0 	MA5 : 3603800.0 	Buy_yn : False
2024-08-12 14:59:09.439127 	openTime : 2024-08-13 09:00:10 	Target : 3712888.455365766 	Current : 3588000.0 	MA5 : 3603800.0 	Buy_yn : False
2024-08-12 15:00:15.217870 	openTime : 2024-08-13 09:00:10 	Target : 3712888.455365766 	Current : 3588000.0 	MA5 : 3603800.0 	Buy_yn : False
2024-08-12 15:01:20.069521 	openTime : 2024-08-13 09:00:10 	Target : 3712888.455365766 	Current : 3588000.0 	MA5 : 3603800.0 	Buy_yn : False
2024-08-12 15:02:26.119522 	openTime : 2024-08-13 09:00:10 	Target : 3712888.455365766 	Current : 3586000.0 	MA5 : 3603800.0 	Buy_yn : False
2024-08-12 15:03:31.248548 	openTime : 2024-08-13 09:00:10 	Target : 3712888.455365766 	Current : 3585000.0 	MA5 : 3603800.0 	Buy_yn : False
2024-08-12 15:04:35.290097 	openTime : 2024-08-13 09:00:10 	Target : 3712888.455365766 	Current : 3587000.0 	MA5 : 3603800.0 	Buy_yn : False
2024-08-12 15:05:40.346296 	openTime : 2024-08-13 09:00:10 	Target : 3712888.455365766 	Current : 3587000.0 	MA5 : 3603800.0 	Buy_yn : False
2024-08-12 15:06:44.652591 	openTime : 2024-08-13 09:00:10 	Target : 3712888.455365766 	Current : 3584000.0 	MA5 : 3603800.0 	Buy_yn : False
2024-08-12 15:07:53.513041 	openTime : 2024-08-13 09:00:10 	Target : 3712888.455365766 	Current : 3583000.0 	MA5 : 3603800.0 	Buy_yn : False
2024-08-12 15:09:00.545987 	openTime : 2024-08-13 09:00:10 	Target : 3712888.455365766 	Current : 3578000.0 	MA5 : 3603800.0 	Buy_yn : False
2024-08-12 15:10:04.663855 	openTime : 2024-08-13 09:00:10 	Target : 3712888.455365766 	Current : 3578000.0 	MA5 : 3603800.0 	Buy_yn : False
2024-08-12 15:11:09.069644 	openTime : 2024-08-13 09:00:10 	Target : 3712888.455365766 	Current : 3579000.0 	MA5 : 3603800.0 	Buy_yn : False
2024-08-12 15:12:13.293487 	openTime : 2024-08-13 09:00:10 	Target : 3712888.455365766 	Current : 3581000.0 	MA5 : 3603800.0 	Buy_yn : False
2024-08-12 15:13:17.350755 	openTime : 2024-08-13 09:00:10 	Target : 3712888.455365766 	Current : 3580000.0 	MA5 : 3603800.0 	Buy_yn : False
2024-08-12 15:14:21.395684 	openTime : 2024-08-13 09:00:10 	Target : 3712888.455365766 	Current : 3580000.0 	MA5 : 3603800.0 	Buy_yn : False
2024-08-12 15:15:25.282320 	openTime : 2024-08-13 09:00:10 	Target : 3712888.455365766 	Current : 3584000.0 	MA5 : 3603800.0 	Buy_yn : False
2024-08-12 15:16:29.585868 	openTime : 2024-08-13 09:00:10 	Target : 3712888.455365766 	Current : 3580000.0 	MA5 : 3603800.0 	Buy_yn : False
2024-08-12 15:17:33.744462 	openTime : 2024-08-13 09:00:10 	Target : 3712888.455365766 	Current : 3578000.0 	MA5 : 3603800.0 	Buy_yn : False
2024-08-12 15:18:38.082257 	openTime : 2024-08-13 09:00:10 	Target : 3712888.455365766 	Current : 3587000.0 	MA5 : 3603800.0 	Buy_yn : False
2024-08-12 15:19:42.425738 	openTime : 2024-08-13 09:00:10 	Target : 3712888.455365766 	Current : 3586000.0 	MA5 : 3603800.0 	Buy_yn : False
2024-08-12 15:20:47.078361 	openTime : 2024-08-13 09:00:10 	Target : 3712888.455365766 	Current : 3580000.0 	MA5 : 3603800.0 	Buy_yn : False
2024-08-12 15:21:51.142505 	openTime : 2024-08-13 09:00:10 	Target : 3712888.455365766 	Current : 3589000.0 	MA5 : 3603800.0 	Buy_yn : False
2024-08-12 15:22:55.189749 	openTime : 2024-08-13 09:00:10 	Target : 3712888.455365766 	Current : 3586000.0 	MA5 : 3603800.0 	Buy_yn : False
2024-08-12 15:23:59.470830 	openTime : 2024-08-13 09:00:10 	Target : 3712888.455365766 	Current : 3589000.0 	MA5 : 3603800.0 	Buy_yn : False
2024-08-12 15:25:03.601638 	openTime : 2024-08-13 09:00:10 	Target : 3712888.455365766 	Current : 3589000.0 	MA5 : 3603800.0 	Buy_yn : False
2024-08-12 15:26:08.364218 	openTime : 2024-08-13 09:00:10 	Target : 3712888.455365766 	Current : 3590000.0 	MA5 : 3603800.0 	Buy_yn : False
2024-08-12 15:27:12.434717 	openTime : 2024-08-13 09:00:10 	Target : 3712888.455365766 	Current : 3588000.0 	MA5 : 3603800.0 	Buy_yn : False
2024-08-12 15:28:16.750240 	openTime : 2024-08-13 09:00:10 	Target : 3712888.455365766 	Current : 3586000.0 	MA5 : 3603800.0 	Buy_yn : False
2024-08-12 15:29:21.558687 	openTime : 2024-08-13 09:00:10 	Target : 3712888.455365766 	Current : 3591000.0 	MA5 : 3603800.0 	Buy_yn : False
2024-08-12 15:30:25.949157 	openTime : 2024-08-13 09:00:10 	Target : 3712888.455365766 	Current : 3592000.0 	MA5 : 3603800.0 	Buy_yn : False
2024-08-12 15:31:31.041125 	openTime : 2024-08-13 09:00:10 	Target : 3712888.455365766 	Current : 3599000.0 	MA5 : 3603800.0 	Buy_yn : False
2024-08-12 15:32:36.816039 	openTime : 2024-08-13 09:00:10 	Target : 3712888.455365766 	Current : 3591000.0 	MA5 : 3603800.0 	Buy_yn : False
2024-08-12 15:33:41.460772 	openTime : 2024-08-13 09:00:10 	Target : 3712888.455365766 	Current : 3582000.0 	MA5 : 3603800.0 	Buy_yn : False
2024-08-12 15:34:46.627342 	openTime : 2024-08-13 09:00:10 	Target : 3712888.455365766 	Current : 3584000.0 	MA5 : 3603800.0 	Buy_yn : False
2024-08-12 15:35:51.364546 	openTime : 2024-08-13 09:00:10 	Target : 3712888.455365766 	Current : 3585000.0 	MA5 : 3603800.0 	Buy_yn : False
2024-08-12 15:36:55.373643 	openTime : 2024-08-13 09:00:10 	Target : 3712888.455365766 	Current : 3588000.0 	MA5 : 3603800.0 	Buy_yn : False
2024-08-12 15:37:59.874341 	openTime : 2024-08-13 09:00:10 	Target : 3712888.455365766 	Current : 3586000.0 	MA5 : 3603800.0 	Buy_yn : False
2024-08-12 15:39:03.963391 	openTime : 2024-08-13 09:00:10 	Target : 3712888.455365766 	Current : 3580000.0 	MA5 : 3603800.0 	Buy_yn : False
2024-08-12 15:40:08.223796 	openTime : 2024-08-13 09:00:10 	Target : 3712888.455365766 	Current : 3580000.0 	MA5 : 3603800.0 	Buy_yn : False
2024-08-12 15:41:12.820145 	openTime : 2024-08-13 09:00:10 	Target : 3712888.455365766 	Current : 3578000.0 	MA5 : 3603800.0 	Buy_yn : False
2024-08-12 15:42:16.855256 	openTime : 2024-08-13 09:00:10 	Target : 3712888.455365766 	Current : 3575000.0 	MA5 : 3603800.0 	Buy_yn : False
2024-08-12 15:43:22.042010 	openTime : 2024-08-13 09:00:10 	Target : 3712888.455365766 	Current : 3579000.0 	MA5 : 3603800.0 	Buy_yn : False
2024-08-12 15:44:26.537231 	openTime : 2024-08-13 09:00:10 	Target : 3712888.455365766 	Current : 3577000.0 	MA5 : 3603800.0 	Buy_yn : False
2024-08-12 15:45:30.759461 	openTime : 2024-08-13 09:00:10 	Target : 3712888.455365766 	Current : 3583000.0 	MA5 : 3603800.0 	Buy_yn : False
2024-08-12 15:46:34.777549 	openTime : 2024-08-13 09:00:10 	Target : 3712888.455365766 	Current : 3577000.0 	MA5 : 3603800.0 	Buy_yn : False
2024-08-12 15:47:38.903725 	openTime : 2024-08-13 09:00:10 	Target : 3712888.455365766 	Current : 3580000.0 	MA5 : 3603800.0 	Buy_yn : False
2024-08-12 15:48:43.336763 	openTime : 2024-08-13 09:00:10 	Target : 3712888.455365766 	Current : 3575000.0 	MA5 : 3603800.0 	Buy_yn : False
2024-08-12 15:49:47.447639 	openTime : 2024-08-13 09:00:10 	Target : 3712888.455365766 	Current : 3573000.0 	MA5 : 3603800.0 	Buy_yn : False
2024-08-12 15:50:51.788037 	openTime : 2024-08-13 09:00:10 	Target : 3712888.455365766 	Current : 3575000.0 	MA5 : 3603800.0 	Buy_yn : False
2024-08-12 15:51:55.989361 	openTime : 2024-08-13 09:00:10 	Target : 3712888.455365766 	Current : 3574000.0 	MA5 : 3603800.0 	Buy_yn : False
2024-08-12 15:53:01.327692 	openTime : 2024-08-13 09:00:10 	Target : 3712888.455365766 	Current : 3567000.0 	MA5 : 3603800.0 	Buy_yn : False
2024-08-12 15:54:06.134676 	openTime : 2024-08-13 09:00:10 	Target : 3712888.455365766 	Current : 3570000.0 	MA5 : 3603800.0 	Buy_yn : False
2024-08-12 15:55:10.070579 	openTime : 2024-08-13 09:00:10 	Target : 3712888.455365766 	Current : 3574000.0 	MA5 : 3603800.0 	Buy_yn : False
2024-08-12 15:56:14.262967 	openTime : 2024-08-13 09:00:10 	Target : 3712888.455365766 	Current : 3583000.0 	MA5 : 3603800.0 	Buy_yn : False
2024-08-12 15:57:18.458190 	openTime : 2024-08-13 09:00:10 	Target : 3712888.455365766 	Current : 3580000.0 	MA5 : 3603800.0 	Buy_yn : False
2024-08-12 15:58:22.384377 	openTime : 2024-08-13 09:00:10 	Target : 3712888.455365766 	Current : 3588000.0 	MA5 : 3603800.0 	Buy_yn : False
2024-08-12 15:59:26.315644 	openTime : 2024-08-13 09:00:10 	Target : 3712888.455365766 	Current : 3584000.0 	MA5 : 3603800.0 	Buy_yn : False
2024-08-12 16:00:30.644382 	openTime : 2024-08-13 09:00:10 	Target : 3712888.455365766 	Current : 3584000.0 	MA5 : 3603800.0 	Buy_yn : False
2024-08-12 16:01:34.987736 	openTime : 2024-08-13 09:00:10 	Target : 3712888.455365766 	Current : 3576000.0 	MA5 : 3603800.0 	Buy_yn : False
2024-08-12 16:02:39.813765 	openTime : 2024-08-13 09:00:10 	Target : 3712888.455365766 	Current : 3575000.0 	MA5 : 3603800.0 	Buy_yn : False
2024-08-12 16:03:44.739173 	openTime : 2024-08-13 09:00:10 	Target : 3712888.455365766 	Current : 3573000.0 	MA5 : 3603800.0 	Buy_yn : False
2024-08-12 16:04:49.793747 	openTime : 2024-08-13 09:00:10 	Target : 3712888.455365766 	Current : 3569000.0 	MA5 : 3603800.0 	Buy_yn : False
2024-08-12 16:05:54.416598 	openTime : 2024-08-13 09:00:10 	Target : 3712888.455365766 	Current : 3572000.0 	MA5 : 3603800.0 	Buy_yn : False
2024-08-12 16:06:58.683644 	openTime : 2024-08-13 09:00:10 	Target : 3712888.455365766 	Current : 3571000.0 	MA5 : 3603800.0 	Buy_yn : False
2024-08-12 16:08:02.692604 	openTime : 2024-08-13 09:00:10 	Target : 3712888.455365766 	Current : 3569000.0 	MA5 : 3603800.0 	Buy_yn : False
2024-08-12 16:09:06.562807 	openTime : 2024-08-13 09:00:10 	Target : 3712888.455365766 	Current : 3560000.0 	MA5 : 3603800.0 	Buy_yn : False
2024-08-12 16:10:10.903846 	openTime : 2024-08-13 09:00:10 	Target : 3712888.455365766 	Current : 3560000.0 	MA5 : 3603800.0 	Buy_yn : False
2024-08-12 16:11:15.494036 	openTime : 2024-08-13 09:00:10 	Target : 3712888.455365766 	Current : 3565000.0 	MA5 : 3603800.0 	Buy_yn : False
2024-08-12 16:12:19.702466 	openTime : 2024-08-13 09:00:10 	Target : 3712888.455365766 	Current : 3563000.0 	MA5 : 3603800.0 	Buy_yn : False
2024-08-12 16:13:24.002626 	openTime : 2024-08-13 09:00:10 	Target : 3712888.455365766 	Current : 3560000.0 	MA5 : 3603800.0 	Buy_yn : False
2024-08-12 16:14:28.344238 	openTime : 2024-08-13 09:00:10 	Target : 3712888.455365766 	Current : 3559000.0 	MA5 : 3603800.0 	Buy_yn : False
2024-08-12 16:15:32.347336 	openTime : 2024-08-13 09:00:10 	Target : 3712888.455365766 	Current : 3558000.0 	MA5 : 3603800.0 	Buy_yn : False
2024-08-12 16:16:36.364153 	openTime : 2024-08-13 09:00:10 	Target : 3712888.455365766 	Current : 3555000.0 	MA5 : 3603800.0 	Buy_yn : False
2024-08-12 16:17:40.452140 	openTime : 2024-08-13 09:00:10 	Target : 3712888.455365766 	Current : 3547000.0 	MA5 : 3603800.0 	Buy_yn : False
2024-08-12 16:18:44.612302 	openTime : 2024-08-13 09:00:10 	Target : 3712888.455365766 	Current : 3550000.0 	MA5 : 3603800.0 	Buy_yn : False
2024-08-12 16:19:48.664791 	openTime : 2024-08-13 09:00:10 	Target : 3712888.455365766 	Current : 3546000.0 	MA5 : 3603800.0 	Buy_yn : False
2024-08-12 16:20:52.667740 	openTime : 2024-08-13 09:00:10 	Target : 3712888.455365766 	Current : 3530000.0 	MA5 : 3603800.0 	Buy_yn : False
2024-08-12 16:21:56.967178 	openTime : 2024-08-13 09:00:10 	Target : 3712888.455365766 	Current : 3534000.0 	MA5 : 3603800.0 	Buy_yn : False
2024-08-12 16:23:00.804644 	openTime : 2024-08-13 09:00:10 	Target : 3712888.455365766 	Current : 3554000.0 	MA5 : 3603800.0 	Buy_yn : False
2024-08-12 16:24:05.111891 	openTime : 2024-08-13 09:00:10 	Target : 3712888.455365766 	Current : 3566000.0 	MA5 : 3603800.0 	Buy_yn : False
2024-08-12 16:25:09.219489 	openTime : 2024-08-13 09:00:10 	Target : 3712888.455365766 	Current : 3569000.0 	MA5 : 3603800.0 	Buy_yn : False
2024-08-12 16:26:13.891077 	openTime : 2024-08-13 09:00:10 	Target : 3712888.455365766 	Current : 3571000.0 	MA5 : 3603800.0 	Buy_yn : False
2024-08-12 16:27:18.033807 	openTime : 2024-08-13 09:00:10 	Target : 3712888.455365766 	Current : 3573000.0 	MA5 : 3603800.0 	Buy_yn : False
2024-08-12 16:28:22.195536 	openTime : 2024-08-13 09:00:10 	Target : 3712888.455365766 	Current : 3580000.0 	MA5 : 3603800.0 	Buy_yn : False
2024-08-12 16:29:26.108833 	openTime : 2024-08-13 09:00:10 	Target : 3712888.455365766 	Current : 3578000.0 	MA5 : 3603800.0 	Buy_yn : False
2024-08-12 16:30:30.290368 	openTime : 2024-08-13 09:00:10 	Target : 3712888.455365766 	Current : 3576000.0 	MA5 : 3603800.0 	Buy_yn : False
2024-08-12 16:31:34.675196 	openTime : 2024-08-13 09:00:10 	Target : 3712888.455365766 	Current : 3580000.0 	MA5 : 3603800.0 	Buy_yn : False
2024-08-12 16:32:39.311541 	openTime : 2024-08-13 09:00:10 	Target : 3712888.455365766 	Current : 3584000.0 	MA5 : 3603800.0 	Buy_yn : False
2024-08-12 16:33:44.339936 	openTime : 2024-08-13 09:00:10 	Target : 3712888.455365766 	Current : 3593000.0 	MA5 : 3603800.0 	Buy_yn : False
2024-08-12 16:34:48.588288 	openTime : 2024-08-13 09:00:10 	Target : 3712888.455365766 	Current : 3605000.0 	MA5 : 3603800.0 	Buy_yn : False
2024-08-12 16:35:54.495495 	openTime : 2024-08-13 09:00:10 	Target : 3712888.455365766 	Current : 3602000.0 	MA5 : 3603800.0 	Buy_yn : False
2024-08-12 16:36:58.671021 	openTime : 2024-08-13 09:00:10 	Target : 3712888.455365766 	Current : 3610000.0 	MA5 : 3603800.0 	Buy_yn : False
2024-08-12 16:38:03.940606 	openTime : 2024-08-13 09:00:10 	Target : 3712888.455365766 	Current : 3610000.0 	MA5 : 3603800.0 	Buy_yn : False
2024-08-12 16:39:08.904763 	openTime : 2024-08-13 09:00:10 	Target : 3712888.455365766 	Current : 3613000.0 	MA5 : 3603800.0 	Buy_yn : False
2024-08-12 16:40:13.160466 	openTime : 2024-08-13 09:00:10 	Target : 3712888.455365766 	Current : 3621000.0 	MA5 : 3603800.0 	Buy_yn : False
2024-08-12 16:41:17.204662 	openTime : 2024-08-13 09:00:10 	Target : 3712888.455365766 	Current : 3624000.0 	MA5 : 3603800.0 	Buy_yn : False
2024-08-12 16:42:21.288902 	openTime : 2024-08-13 09:00:10 	Target : 3712888.455365766 	Current : 3616000.0 	MA5 : 3603800.0 	Buy_yn : False
2024-08-12 16:43:25.330253 	openTime : 2024-08-13 09:00:10 	Target : 3712888.455365766 	Current : 3613000.0 	MA5 : 3603800.0 	Buy_yn : False
2024-08-12 16:44:29.949335 	openTime : 2024-08-13 09:00:10 	Target : 3712888.455365766 	Current : 3613000.0 	MA5 : 3603800.0 	Buy_yn : False
2024-08-12 16:45:33.994542 	openTime : 2024-08-13 09:00:10 	Target : 3712888.455365766 	Current : 3609000.0 	MA5 : 3603800.0 	Buy_yn : False
2024-08-12 16:46:38.240144 	openTime : 2024-08-13 09:00:10 	Target : 3712888.455365766 	Current : 3614000.0 	MA5 : 3603800.0 	Buy_yn : False
2024-08-12 16:47:42.267949 	openTime : 2024-08-13 09:00:10 	Target : 3712888.455365766 	Current : 3614000.0 	MA5 : 3603800.0 	Buy_yn : False
2024-08-12 16:48:46.369337 	openTime : 2024-08-13 09:00:10 	Target : 3712888.455365766 	Current : 3615000.0 	MA5 : 3603800.0 	Buy_yn : False
2024-08-12 16:49:50.599736 	openTime : 2024-08-13 09:00:10 	Target : 3712888.455365766 	Current : 3610000.0 	MA5 : 3603800.0 	Buy_yn : False
2024-08-12 16:50:54.792363 	openTime : 2024-08-13 09:00:10 	Target : 3712888.455365766 	Current : 3608000.0 	MA5 : 3603800.0 	Buy_yn : False
2024-08-12 16:51:59.784353 	openTime : 2024-08-13 09:00:10 	Target : 3712888.455365766 	Current : 3614000.0 	MA5 : 3603800.0 	Buy_yn : False
2024-08-12 16:53:04.176452 	openTime : 2024-08-13 09:00:10 	Target : 3712888.455365766 	Current : 3613000.0 	MA5 : 3603800.0 	Buy_yn : False
2024-08-12 16:54:08.146521 	openTime : 2024-08-13 09:00:10 	Target : 3712888.455365766 	Current : 3613000.0 	MA5 : 3603800.0 	Buy_yn : False
2024-08-12 16:55:12.366392 	openTime : 2024-08-13 09:00:10 	Target : 3712888.455365766 	Current : 3609000.0 	MA5 : 3603800.0 	Buy_yn : False
2024-08-12 16:56:16.659548 	openTime : 2024-08-13 09:00:10 	Target : 3712888.455365766 	Current : 3605000.0 	MA5 : 3603800.0 	Buy_yn : False
2024-08-12 16:57:20.969153 	openTime : 2024-08-13 09:00:10 	Target : 3712888.455365766 	Current : 3610000.0 	MA5 : 3603800.0 	Buy_yn : False
2024-08-12 16:58:26.708314 	openTime : 2024-08-13 09:00:10 	Target : 3712888.455365766 	Current : 3614000.0 	MA5 : 3603800.0 	Buy_yn : False
2024-08-12 16:59:31.331973 	openTime : 2024-08-13 09:00:10 	Target : 3712888.455365766 	Current : 3613000.0 	MA5 : 3603800.0 	Buy_yn : False
2024-08-12 17:00:36.309696 	openTime : 2024-08-13 09:00:10 	Target : 3712888.455365766 	Current : 3610000.0 	MA5 : 3603800.0 	Buy_yn : False
2024-08-12 17:01:40.832531 	openTime : 2024-08-13 09:00:10 	Target : 3712888.455365766 	Current : 3614000.0 	MA5 : 3603800.0 	Buy_yn : False
2024-08-12 17:02:44.840415 	openTime : 2024-08-13 09:00:10 	Target : 3712888.455365766 	Current : 3619000.0 	MA5 : 3603800.0 	Buy_yn : False
2024-08-12 17:03:49.523702 	openTime : 2024-08-13 09:00:10 	Target : 3712888.455365766 	Current : 3630000.0 	MA5 : 3603800.0 	Buy_yn : False
2024-08-12 17:04:54.156085 	openTime : 2024-08-13 09:00:10 	Target : 3712888.455365766 	Current : 3621000.0 	MA5 : 3603800.0 	Buy_yn : False
2024-08-12 17:05:58.622565 	openTime : 2024-08-13 09:00:10 	Target : 3712888.455365766 	Current : 3623000.0 	MA5 : 3603800.0 	Buy_yn : False
2024-08-12 17:07:03.280222 	openTime : 2024-08-13 09:00:10 	Target : 3712888.455365766 	Current : 3639000.0 	MA5 : 3603800.0 	Buy_yn : False
2024-08-12 17:08:07.610249 	openTime : 2024-08-13 09:00:10 	Target : 3712888.455365766 	Current : 3636000.0 	MA5 : 3603800.0 	Buy_yn : False
2024-08-12 17:09:12.026393 	openTime : 2024-08-13 09:00:10 	Target : 3712888.455365766 	Current : 3640000.0 	MA5 : 3603800.0 	Buy_yn : False
2024-08-12 17:10:17.275946 	openTime : 2024-08-13 09:00:10 	Target : 3712888.455365766 	Current : 3645000.0 	MA5 : 3603800.0 	Buy_yn : False
2024-08-12 17:11:21.508833 	openTime : 2024-08-13 09:00:10 	Target : 3712888.455365766 	Current : 3644000.0 	MA5 : 3603800.0 	Buy_yn : False
2024-08-12 17:12:26.664629 	openTime : 2024-08-13 09:00:10 	Target : 3712888.455365766 	Current : 3636000.0 	MA5 : 3603800.0 	Buy_yn : False
2024-08-12 17:13:30.992909 	openTime : 2024-08-13 09:00:10 	Target : 3712888.455365766 	Current : 3635000.0 	MA5 : 3603800.0 	Buy_yn : False
2024-08-12 17:14:35.389098 	openTime : 2024-08-13 09:00:10 	Target : 3712888.455365766 	Current : 3639000.0 	MA5 : 3603800.0 	Buy_yn : False
2024-08-12 17:15:40.344560 	openTime : 2024-08-13 09:00:10 	Target : 3712888.455365766 	Current : 3638000.0 	MA5 : 3603800.0 	Buy_yn : False
2024-08-12 17:16:45.040996 	openTime : 2024-08-13 09:00:10 	Target : 3712888.455365766 	Current : 3634000.0 	MA5 : 3603800.0 	Buy_yn : False
2024-08-12 17:17:49.710090 	openTime : 2024-08-13 09:00:10 	Target : 3712888.455365766 	Current : 3635000.0 	MA5 : 3603800.0 	Buy_yn : False
2024-08-12 17:18:55.004029 	openTime : 2024-08-13 09:00:10 	Target : 3712888.455365766 	Current : 3634000.0 	MA5 : 3603800.0 	Buy_yn : False
2024-08-12 17:19:59.078183 	openTime : 2024-08-13 09:00:10 	Target : 3712888.455365766 	Current : 3639000.0 	MA5 : 3603800.0 	Buy_yn : False
2024-08-12 17:21:04.095419 	openTime : 2024-08-13 09:00:10 	Target : 3712888.455365766 	Current : 3642000.0 	MA5 : 3603800.0 	Buy_yn : False
2024-08-12 17:22:08.302986 	openTime : 2024-08-13 09:00:10 	Target : 3712888.455365766 	Current : 3639000.0 	MA5 : 3603800.0 	Buy_yn : False
2024-08-12 17:23:12.290585 	openTime : 2024-08-13 09:00:10 	Target : 3712888.455365766 	Current : 3646000.0 	MA5 : 3603800.0 	Buy_yn : False
2024-08-12 17:24:16.248308 	openTime : 2024-08-13 09:00:10 	Target : 3712888.455365766 	Current : 3647000.0 	MA5 : 3603800.0 	Buy_yn : False
2024-08-12 17:25:20.301742 	openTime : 2024-08-13 09:00:10 	Target : 3712888.455365766 	Current : 3656000.0 	MA5 : 3603800.0 	Buy_yn : False
2024-08-12 17:26:24.287529 	openTime : 2024-08-13 09:00:10 	Target : 3712888.455365766 	Current : 3647000.0 	MA5 : 3603800.0 	Buy_yn : False
2024-08-12 17:27:28.185227 	openTime : 2024-08-13 09:00:10 	Target : 3712888.455365766 	Current : 3644000.0 	MA5 : 3603800.0 	Buy_yn : False
2024-08-12 17:28:32.022002 	openTime : 2024-08-13 09:00:10 	Target : 3712888.455365766 	Current : 3644000.0 	MA5 : 3603800.0 	Buy_yn : False
2024-08-12 17:29:35.947976 	openTime : 2024-08-13 09:00:10 	Target : 3712888.455365766 	Current : 3642000.0 	MA5 : 3603800.0 	Buy_yn : False
2024-08-12 17:30:39.869519 	openTime : 2024-08-13 09:00:10 	Target : 3712888.455365766 	Current : 3639000.0 	MA5 : 3603800.0 	Buy_yn : False
2024-08-12 17:31:43.830798 	openTime : 2024-08-13 09:00:10 	Target : 3712888.455365766 	Current : 3643000.0 	MA5 : 3603800.0 	Buy_yn : False
2024-08-12 17:32:47.831634 	openTime : 2024-08-13 09:00:10 	Target : 3712888.455365766 	Current : 3649000.0 	MA5 : 3603800.0 	Buy_yn : False
2024-08-12 17:33:51.898795 	openTime : 2024-08-13 09:00:10 	Target : 3712888.455365766 	Current : 3652000.0 	MA5 : 3603800.0 	Buy_yn : False
2024-08-12 17:34:58.047397 	openTime : 2024-08-13 09:00:10 	Target : 3712888.455365766 	Current : 3648000.0 	MA5 : 3603800.0 	Buy_yn : False
2024-08-12 17:36:02.440741 	openTime : 2024-08-13 09:00:10 	Target : 3712888.455365766 	Current : 3651000.0 	MA5 : 3603800.0 	Buy_yn : False
2024-08-12 17:37:06.356737 	openTime : 2024-08-13 09:00:10 	Target : 3712888.455365766 	Current : 3644000.0 	MA5 : 3603800.0 	Buy_yn : False
2024-08-12 17:38:10.287294 	openTime : 2024-08-13 09:00:10 	Target : 3712888.455365766 	Current : 3645000.0 	MA5 : 3603800.0 	Buy_yn : False
2024-08-12 17:39:14.231360 	openTime : 2024-08-13 09:00:10 	Target : 3712888.455365766 	Current : 3645000.0 	MA5 : 3603800.0 	Buy_yn : False
2024-08-12 17:40:18.149896 	openTime : 2024-08-13 09:00:10 	Target : 3712888.455365766 	Current : 3640000.0 	MA5 : 3603800.0 	Buy_yn : False
2024-08-12 17:41:22.331417 	openTime : 2024-08-13 09:00:10 	Target : 3712888.455365766 	Current : 3636000.0 	MA5 : 3603800.0 	Buy_yn : False
2024-08-12 17:42:26.409231 	openTime : 2024-08-13 09:00:10 	Target : 3712888.455365766 	Current : 3632000.0 	MA5 : 3603800.0 	Buy_yn : False
2024-08-12 17:43:31.158434 	openTime : 2024-08-13 09:00:10 	Target : 3712888.455365766 	Current : 3634000.0 	MA5 : 3603800.0 	Buy_yn : False
2024-08-12 17:44:35.157505 	openTime : 2024-08-13 09:00:10 	Target : 3712888.455365766 	Current : 3628000.0 	MA5 : 3603800.0 	Buy_yn : False
2024-08-12 17:45:39.320988 	openTime : 2024-08-13 09:00:10 	Target : 3712888.455365766 	Current : 3629000.0 	MA5 : 3603800.0 	Buy_yn : False
2024-08-12 17:46:43.599056 	openTime : 2024-08-13 09:00:10 	Target : 3712888.455365766 	Current : 3626000.0 	MA5 : 3603800.0 	Buy_yn : False
2024-08-12 17:47:49.610362 	openTime : 2024-08-13 09:00:10 	Target : 3712888.455365766 	Current : 3629000.0 	MA5 : 3603800.0 	Buy_yn : False
2024-08-12 17:48:54.662149 	openTime : 2024-08-13 09:00:10 	Target : 3712888.455365766 	Current : 3622000.0 	MA5 : 3603800.0 	Buy_yn : False
2024-08-12 17:49:58.759546 	openTime : 2024-08-13 09:00:10 	Target : 3712888.455365766 	Current : 3620000.0 	MA5 : 3603800.0 	Buy_yn : False
2024-08-12 17:51:03.034129 	openTime : 2024-08-13 09:00:10 	Target : 3712888.455365766 	Current : 3623000.0 	MA5 : 3603800.0 	Buy_yn : False
2024-08-12 17:52:07.134140 	openTime : 2024-08-13 09:00:10 	Target : 3712888.455365766 	Current : 3624000.0 	MA5 : 3603800.0 	Buy_yn : False
2024-08-12 17:53:11.147416 	openTime : 2024-08-13 09:00:10 	Target : 3712888.455365766 	Current : 3620000.0 	MA5 : 3603800.0 	Buy_yn : False
2024-08-12 17:54:15.498344 	openTime : 2024-08-13 09:00:10 	Target : 3712888.455365766 	Current : 3620000.0 	MA5 : 3603800.0 	Buy_yn : False
2024-08-12 17:55:19.803981 	openTime : 2024-08-13 09:00:10 	Target : 3712888.455365766 	Current : 3609000.0 	MA5 : 3603800.0 	Buy_yn : False
2024-08-12 17:56:26.040313 	openTime : 2024-08-13 09:00:10 	Target : 3712888.455365766 	Current : 3609000.0 	MA5 : 3603800.0 	Buy_yn : False
2024-08-12 17:57:33.737469 	openTime : 2024-08-13 09:00:10 	Target : 3712888.455365766 	Current : 3606000.0 	MA5 : 3603800.0 	Buy_yn : False
2024-08-12 17:58:40.924293 	openTime : 2024-08-13 09:00:10 	Target : 3712888.455365766 	Current : 3597000.0 	MA5 : 3603800.0 	Buy_yn : False
2024-08-12 17:59:46.912451 	openTime : 2024-08-13 09:00:10 	Target : 3712888.455365766 	Current : 3601000.0 	MA5 : 3603800.0 	Buy_yn : False
2024-08-12 18:00:51.017639 	openTime : 2024-08-13 09:00:10 	Target : 3712888.455365766 	Current : 3607000.0 	MA5 : 3603800.0 	Buy_yn : False
2024-08-12 18:01:54.847360 	openTime : 2024-08-13 09:00:10 	Target : 3712888.455365766 	Current : 3600000.0 	MA5 : 3603800.0 	Buy_yn : False
2024-08-12 18:02:58.813229 	openTime : 2024-08-13 09:00:10 	Target : 3712888.455365766 	Current : 3607000.0 	MA5 : 3603800.0 	Buy_yn : False
2024-08-12 18:04:02.820649 	openTime : 2024-08-13 09:00:10 	Target : 3712888.455365766 	Current : 3607000.0 	MA5 : 3603800.0 	Buy_yn : False
2024-08-12 18:05:08.301884 	openTime : 2024-08-13 09:00:10 	Target : 3712888.455365766 	Current : 3612000.0 	MA5 : 3603800.0 	Buy_yn : False
2024-08-12 18:06:13.187678 	openTime : 2024-08-13 09:00:10 	Target : 3712888.455365766 	Current : 3615000.0 	MA5 : 3603800.0 	Buy_yn : False
2024-08-12 18:07:17.232313 	openTime : 2024-08-13 09:00:10 	Target : 3712888.455365766 	Current : 3614000.0 	MA5 : 3603800.0 	Buy_yn : False
2024-08-12 18:08:22.239540 	openTime : 2024-08-13 09:00:10 	Target : 3712888.455365766 	Current : 3617000.0 	MA5 : 3603800.0 	Buy_yn : False
2024-08-12 18:09:28.412372 	openTime : 2024-08-13 09:00:10 	Target : 3712888.455365766 	Current : 3622000.0 	MA5 : 3603800.0 	Buy_yn : False
2024-08-12 18:10:33.163592 	openTime : 2024-08-13 09:00:10 	Target : 3712888.455365766 	Current : 3616000.0 	MA5 : 3603800.0 	Buy_yn : False
Traceback (most recent call last):
  File "/opt/anaconda3/lib/python3.9/site-packages/urllib3/connectionpool.py", line 703, in urlopen
    httplib_response = self._make_request(
  File "/opt/anaconda3/lib/python3.9/site-packages/urllib3/connectionpool.py", line 386, in _make_request
    self._validate_conn(conn)
  File "/opt/anaconda3/lib/python3.9/site-packages/urllib3/connectionpool.py", line 1042, in _validate_conn
    conn.connect()
  File "/opt/anaconda3/lib/python3.9/site-packages/urllib3/connection.py", line 414, in connect
    self.sock = ssl_wrap_socket(
  File "/opt/anaconda3/lib/python3.9/site-packages/urllib3/util/ssl_.py", line 449, in ssl_wrap_socket
    ssl_sock = _ssl_wrap_socket_impl(
  File "/opt/anaconda3/lib/python3.9/site-packages/urllib3/util/ssl_.py", line 493, in _ssl_wrap_socket_impl
    return ssl_context.wrap_socket(sock, server_hostname=server_hostname)
  File "/opt/anaconda3/lib/python3.9/ssl.py", line 501, in wrap_socket
    return self.sslsocket_class._create(
  File "/opt/anaconda3/lib/python3.9/ssl.py", line 1041, in _create
    self.do_handshake()
  File "/opt/anaconda3/lib/python3.9/ssl.py", line 1310, in do_handshake
    self._sslobj.do_handshake()
OSError: [Errno 50] Network is down

During handling of the above exception, another exception occurred:

Traceback (most recent call last):
  File "/opt/anaconda3/lib/python3.9/site-packages/requests/adapters.py", line 489, in send
    resp = conn.urlopen(
  File "/opt/anaconda3/lib/python3.9/site-packages/urllib3/connectionpool.py", line 787, in urlopen
    retries = retries.increment(
  File "/opt/anaconda3/lib/python3.9/site-packages/urllib3/util/retry.py", line 550, in increment
    raise six.reraise(type(error), error, _stacktrace)
  File "/opt/anaconda3/lib/python3.9/site-packages/urllib3/packages/six.py", line 769, in reraise
    raise value.with_traceback(tb)
  File "/opt/anaconda3/lib/python3.9/site-packages/urllib3/connectionpool.py", line 703, in urlopen
    httplib_response = self._make_request(
  File "/opt/anaconda3/lib/python3.9/site-packages/urllib3/connectionpool.py", line 386, in _make_request
    self._validate_conn(conn)
  File "/opt/anaconda3/lib/python3.9/site-packages/urllib3/connectionpool.py", line 1042, in _validate_conn
    conn.connect()
  File "/opt/anaconda3/lib/python3.9/site-packages/urllib3/connection.py", line 414, in connect
    self.sock = ssl_wrap_socket(
  File "/opt/anaconda3/lib/python3.9/site-packages/urllib3/util/ssl_.py", line 449, in ssl_wrap_socket
    ssl_sock = _ssl_wrap_socket_impl(
  File "/opt/anaconda3/lib/python3.9/site-packages/urllib3/util/ssl_.py", line 493, in _ssl_wrap_socket_impl
    return ssl_context.wrap_socket(sock, server_hostname=server_hostname)
  File "/opt/anaconda3/lib/python3.9/ssl.py", line 501, in wrap_socket
    return self.sslsocket_class._create(
  File "/opt/anaconda3/lib/python3.9/ssl.py", line 1041, in _create
    self.do_handshake()
  File "/opt/anaconda3/lib/python3.9/ssl.py", line 1310, in do_handshake
    self._sslobj.do_handshake()
urllib3.exceptions.ProtocolError: ('Connection aborted.', OSError(50, 'Network is down'))

During handling of the above exception, another exception occurred:

Traceback (most recent call last):
  File "/Users/jeongwook/Desktop/bit/service/auto.py", line 33, in start
    current_price = pyupbit.get_current_price(self.ticker)
  File "/opt/anaconda3/lib/python3.9/site-packages/pyupbit/quotation_api.py", line 253, in get_current_price
    price, req_limit_info = _get_current_price(ticker, limit_info, verbose)        
  File "/opt/anaconda3/lib/python3.9/site-packages/pyupbit/quotation_api.py", line 239, in _get_current_price
    return _call_public_api(url, markets=ticker)    
  File "/opt/anaconda3/lib/python3.9/site-packages/pyupbit/request_api.py", line 64, in _call_public_api
    resp = _call_get(url, params=params)
  File "/opt/anaconda3/lib/python3.9/site-packages/pyupbit/errors.py", line 165, in wrapper
    resp = func(*args, **kwargs)
  File "/opt/anaconda3/lib/python3.9/site-packages/pyupbit/request_api.py", line 42, in _call_get
    return requests.get(url, **kwargs)
  File "/opt/anaconda3/lib/python3.9/site-packages/requests/api.py", line 73, in get
    return request("get", url, params=params, **kwargs)
  File "/opt/anaconda3/lib/python3.9/site-packages/requests/api.py", line 59, in request
    return session.request(method=method, url=url, **kwargs)
  File "/opt/anaconda3/lib/python3.9/site-packages/requests/sessions.py", line 587, in request
    resp = self.send(prep, **send_kwargs)
  File "/opt/anaconda3/lib/python3.9/site-packages/requests/sessions.py", line 701, in send
    r = adapter.send(request, **kwargs)
  File "/opt/anaconda3/lib/python3.9/site-packages/requests/adapters.py", line 547, in send
    raise ConnectionError(err, request=request)
requests.exceptions.ConnectionError: ('Connection aborted.', OSError(50, 'Network is down'))

During handling of the above exception, another exception occurred:

Traceback (most recent call last):
  File "/Users/jeongwook/Desktop/bit/service/auto.py", line 128, in <module>
    tradingBot.start()
  File "/Users/jeongwook/Desktop/bit/service/auto.py", line 58, in start
    slackBot.message(err)
  File "/Users/jeongwook/Desktop/bit/service/auto.py", line 114, in message
    response = self.client.chat_postMessage(
  File "/opt/anaconda3/lib/python3.9/site-packages/slack_sdk/web/client.py", line 2662, in chat_postMessage
    _warn_if_text_or_attachment_fallback_is_missing("chat.postMessage", kwargs)
  File "/opt/anaconda3/lib/python3.9/site-packages/slack_sdk/web/internal_utils.py", line 250, in _warn_if_text_or_attachment_fallback_is_missing
    if text and len(text.strip()) > 0:
AttributeError: 'ConnectionError' object has no attribute 'strip'

==================== [ 데이터 갱신 시도 ] ====================
                          open       high  ...   targetPrice        ma5
2024-08-08 09:00:00  3338000.0  3818000.0  ...  3.501715e+06  3649400.0
2024-08-09 09:00:00  3757000.0  3803000.0  ...  4.010406e+06  3578800.0
2024-08-10 09:00:00  3655000.0  3721000.0  ...  3.753861e+06  3551600.0
2024-08-11 09:00:00  3670000.0  3802000.0  ...  3.711791e+06  3588800.0
2024-08-12 09:00:00  3601000.0  3811000.0  ...  3.712888e+06  3603800.0

[5 rows x 11 columns]
==================== [ 데이터 갱신 완료 ] ====================

2024-08-13 01:04:23.782952 	openTime : 2024-08-14 09:00:10 	Target : 3712888.455365766 	Current : 3768000.0 	MA5 : 3603800.0 	Buy_yn : False
==================== [ 매수 시도 ] ====================
====================매수 시도====================

==================== [ 데이터 갱신 시도 ] ====================
                          open       high  ...   targetPrice        ma5
2024-08-08 09:00:00  3338000.0  3818000.0  ...  3.501715e+06  3649400.0
2024-08-09 09:00:00  3757000.0  3803000.0  ...  4.010406e+06  3578800.0
2024-08-10 09:00:00  3655000.0  3721000.0  ...  3.753861e+06  3551600.0
2024-08-11 09:00:00  3670000.0  3802000.0  ...  3.711791e+06  3588800.0
2024-08-12 09:00:00  3601000.0  3811000.0  ...  3.712888e+06  3603800.0

[5 rows x 11 columns]
==================== [ 데이터 갱신 완료 ] ====================

2024-08-13 01:05:18.966588 	openTime : 2024-08-14 09:00:10 	Target : 3712888.455365766 	Current : 3759000.0 	MA5 : 3603800.0 	Buy_yn : False
==================== [ 매수 시도 ] ====================
2024-08-13 01:05:34.517503 	openTime : 2024-08-14 09:00:10 	Target : 3712888.455365766 	Current : 3762000.0 	MA5 : 3603800.0 	Buy_yn : True
2024-08-13 01:06:29.327642 	openTime : 2024-08-14 09:00:10 	Target : 3712888.455365766 	Current : 3760000.0 	MA5 : 3603800.0 	Buy_yn : True
Traceback (most recent call last):
  File "/opt/anaconda3/lib/python3.9/site-packages/urllib3/connectionpool.py", line 703, in urlopen
    httplib_response = self._make_request(
  File "/opt/anaconda3/lib/python3.9/site-packages/urllib3/connectionpool.py", line 386, in _make_request
    self._validate_conn(conn)
  File "/opt/anaconda3/lib/python3.9/site-packages/urllib3/connectionpool.py", line 1042, in _validate_conn
    conn.connect()
  File "/opt/anaconda3/lib/python3.9/site-packages/urllib3/connection.py", line 414, in connect
    self.sock = ssl_wrap_socket(
  File "/opt/anaconda3/lib/python3.9/site-packages/urllib3/util/ssl_.py", line 449, in ssl_wrap_socket
    ssl_sock = _ssl_wrap_socket_impl(
  File "/opt/anaconda3/lib/python3.9/site-packages/urllib3/util/ssl_.py", line 493, in _ssl_wrap_socket_impl
    return ssl_context.wrap_socket(sock, server_hostname=server_hostname)
  File "/opt/anaconda3/lib/python3.9/ssl.py", line 501, in wrap_socket
    return self.sslsocket_class._create(
  File "/opt/anaconda3/lib/python3.9/ssl.py", line 1041, in _create
    self.do_handshake()
  File "/opt/anaconda3/lib/python3.9/ssl.py", line 1310, in do_handshake
    self._sslobj.do_handshake()
ConnectionResetError: [Errno 54] Connection reset by peer

During handling of the above exception, another exception occurred:

Traceback (most recent call last):
  File "/opt/anaconda3/lib/python3.9/site-packages/requests/adapters.py", line 489, in send
    resp = conn.urlopen(
  File "/opt/anaconda3/lib/python3.9/site-packages/urllib3/connectionpool.py", line 787, in urlopen
    retries = retries.increment(
  File "/opt/anaconda3/lib/python3.9/site-packages/urllib3/util/retry.py", line 550, in increment
    raise six.reraise(type(error), error, _stacktrace)
  File "/opt/anaconda3/lib/python3.9/site-packages/urllib3/packages/six.py", line 769, in reraise
    raise value.with_traceback(tb)
  File "/opt/anaconda3/lib/python3.9/site-packages/urllib3/connectionpool.py", line 703, in urlopen
Traceback (most recent call last):
  File "/opt/anaconda3/lib/python3.9/site-packages/urllib3/connectionpool.py", line 703, in urlopen
    httplib_response = self._make_request(
  File "/opt/anaconda3/lib/python3.9/site-packages/urllib3/connectionpool.py", line 386, in _make_request
    self._validate_conn(conn)
  File "/opt/anaconda3/lib/python3.9/site-packages/urllib3/connectionpool.py", line 1042, in _validate_conn
    httplib_response = self._make_request(
  File "/opt/anaconda3/lib/python3.9/site-packages/urllib3/connectionpool.py", line 386, in _make_request
    self._validate_conn(conn)    
conn.connect()  File "/opt/anaconda3/lib/python3.9/site-packages/urllib3/connectionpool.py", line 1042, in _validate_conn

  File "/opt/anaconda3/lib/python3.9/site-packages/urllib3/connection.py", line 414, in connect
    self.sock = ssl_wrap_socket(
  File "/opt/anaconda3/lib/python3.9/site-packages/urllib3/util/ssl_.py", line 449, in ssl_wrap_socket
    conn.connect()
  File "/opt/anaconda3/lib/python3.9/site-packages/urllib3/connection.py", line 414, in connect
    ssl_sock = _ssl_wrap_socket_impl(
  File "/opt/anaconda3/lib/python3.9/site-packages/urllib3/util/ssl_.py", line 493, in _ssl_wrap_socket_impl
    self.sock = ssl_wrap_socket(
  File "/opt/anaconda3/lib/python3.9/site-packages/urllib3/util/ssl_.py", line 449, in ssl_wrap_socket
    ssl_sock = _ssl_wrap_socket_impl(
    return ssl_context.wrap_socket(sock, server_hostname=server_hostname)  File "/opt/anaconda3/lib/python3.9/site-packages/urllib3/util/ssl_.py", line 493, in _ssl_wrap_socket_impl

  File "/opt/anaconda3/lib/python3.9/ssl.py", line 501, in wrap_socket
    return ssl_context.wrap_socket(sock, server_hostname=server_hostname)
  File "/opt/anaconda3/lib/python3.9/ssl.py", line 501, in wrap_socket
    return self.sslsocket_class._create(
  File "/opt/anaconda3/lib/python3.9/ssl.py", line 1041, in _create
    return self.sslsocket_class._create(
  File "/opt/anaconda3/lib/python3.9/ssl.py", line 1041, in _create
    self.do_handshake()
  File "/opt/anaconda3/lib/python3.9/ssl.py", line 1310, in do_handshake
    self.do_handshake()
  File "/opt/anaconda3/lib/python3.9/ssl.py", line 1310, in do_handshake
    self._sslobj.do_handshake()
urllib3.exceptions.    ProtocolErrorself._sslobj.do_handshake(): 
('Connection aborted.', ConnectionResetError(54, 'Connection reset by peer'))ConnectionResetError
: 
During handling of the above exception, another exception occurred:

[Errno 54] Connection reset by peerTraceback (most recent call last):

  File "/Users/jeongwook/Desktop/bit/service/auto.py", line 33, in start

During handling of the above exception, another exception occurred:

Traceback (most recent call last):
  File "/opt/anaconda3/lib/python3.9/site-packages/requests/adapters.py", line 489, in send
    current_price = pyupbit.get_current_price(self.ticker)
  File "/opt/anaconda3/lib/python3.9/site-packages/pyupbit/quotation_api.py", line 253, in get_current_price
    resp = conn.urlopen(
  File "/opt/anaconda3/lib/python3.9/site-packages/urllib3/connectionpool.py", line 787, in urlopen
    price, req_limit_info = _get_current_price(ticker, limit_info, verbose)        
  File "/opt/anaconda3/lib/python3.9/site-packages/pyupbit/quotation_api.py", line 239, in _get_current_price
    retries = retries.increment(
  File "/opt/anaconda3/lib/python3.9/site-packages/urllib3/util/retry.py", line 550, in increment
    return _call_public_api(url, markets=ticker)    
  File "/opt/anaconda3/lib/python3.9/site-packages/pyupbit/request_api.py", line 64, in _call_public_api
    resp = _call_get(url, params=params)
  File "/opt/anaconda3/lib/python3.9/site-packages/pyupbit/errors.py", line 165, in wrapper
    raise six.reraise(type(error), error, _stacktrace)
  File "/opt/anaconda3/lib/python3.9/site-packages/urllib3/packages/six.py", line 769, in reraise
    resp = func(*args, **kwargs)
  File "/opt/anaconda3/lib/python3.9/site-packages/pyupbit/request_api.py", line 42, in _call_get
    return requests.get(url, **kwargs)
  File "/opt/anaconda3/lib/python3.9/site-packages/requests/api.py", line 73, in get
    raise value.with_traceback(tb)
  File "/opt/anaconda3/lib/python3.9/site-packages/urllib3/connectionpool.py", line 703, in urlopen
    httplib_response = self._make_request(    
return request("get", url, params=params, **kwargs)  File "/opt/anaconda3/lib/python3.9/site-packages/urllib3/connectionpool.py", line 386, in _make_request

  File "/opt/anaconda3/lib/python3.9/site-packages/requests/api.py", line 59, in request
    return session.request(method=method, url=url, **kwargs)
  File "/opt/anaconda3/lib/python3.9/site-packages/requests/sessions.py", line 587, in request
    self._validate_conn(conn)
  File "/opt/anaconda3/lib/python3.9/site-packages/urllib3/connectionpool.py", line 1042, in _validate_conn
    conn.connect()
  File "/opt/anaconda3/lib/python3.9/site-packages/urllib3/connection.py", line 414, in connect
    resp = self.send(prep, **send_kwargs)
  File "/opt/anaconda3/lib/python3.9/site-packages/requests/sessions.py", line 701, in send
    self.sock = ssl_wrap_socket(
  File "/opt/anaconda3/lib/python3.9/site-packages/urllib3/util/ssl_.py", line 449, in ssl_wrap_socket
    r = adapter.send(request, **kwargs)    ssl_sock = _ssl_wrap_socket_impl(

  File "/opt/anaconda3/lib/python3.9/site-packages/requests/adapters.py", line 547, in send
  File "/opt/anaconda3/lib/python3.9/site-packages/urllib3/util/ssl_.py", line 493, in _ssl_wrap_socket_impl
        return ssl_context.wrap_socket(sock, server_hostname=server_hostname)raise ConnectionError(err, request=request)

  File "/opt/anaconda3/lib/python3.9/ssl.py", line 501, in wrap_socket
requests.exceptions.ConnectionError: ('Connection aborted.', ConnectionResetError(54, 'Connection reset by peer'))

During handling of the above exception, another exception occurred:

Traceback (most recent call last):
  File "/Users/jeongwook/Desktop/bit/service/auto.py", line 128, in <module>
    tradingBot.start()    return self.sslsocket_class._create(

  File "/opt/anaconda3/lib/python3.9/ssl.py", line 1041, in _create
  File "/Users/jeongwook/Desktop/bit/service/auto.py", line 58, in start
    slackBot.message(err)
  File "/Users/jeongwook/Desktop/bit/service/auto.py", line 114, in message
    response = self.client.chat_postMessage(
  File "/opt/anaconda3/lib/python3.9/site-packages/slack_sdk/web/client.py", line 2662, in chat_postMessage
    self.do_handshake()
  File "/opt/anaconda3/lib/python3.9/ssl.py", line 1310, in do_handshake
    self._sslobj.do_handshake()
    urllib3.exceptions_warn_if_text_or_attachment_fallback_is_missing("chat.postMessage", kwargs).
ProtocolError  File "/opt/anaconda3/lib/python3.9/site-packages/slack_sdk/web/internal_utils.py", line 250, in _warn_if_text_or_attachment_fallback_is_missing
: ('Connection aborted.', ConnectionResetError(54, 'Connection reset by peer'))

During handling of the above exception, another exception occurred:

Traceback (most recent call last):
  File "/Users/jeongwook/Desktop/bit/service/auto.py", line 33, in start
    current_price = pyupbit.get_current_price(self.ticker)
  File "/opt/anaconda3/lib/python3.9/site-packages/pyupbit/quotation_api.py", line 253, in get_current_price
        if text and len(text.strip()) > 0:price, req_limit_info = _get_current_price(ticker, limit_info, verbose)        

AttributeError  File "/opt/anaconda3/lib/python3.9/site-packages/pyupbit/quotation_api.py", line 239, in _get_current_price
: 'ConnectionError' object has no attribute 'strip'
    return _call_public_api(url, markets=ticker)    
  File "/opt/anaconda3/lib/python3.9/site-packages/pyupbit/request_api.py", line 64, in _call_public_api
    resp = _call_get(url, params=params)
  File "/opt/anaconda3/lib/python3.9/site-packages/pyupbit/errors.py", line 165, in wrapper
    resp = func(*args, **kwargs)
  File "/opt/anaconda3/lib/python3.9/site-packages/pyupbit/request_api.py", line 42, in _call_get
    return requests.get(url, **kwargs)
  File "/opt/anaconda3/lib/python3.9/site-packages/requests/api.py", line 73, in get
    return request("get", url, params=params, **kwargs)
  File "/opt/anaconda3/lib/python3.9/site-packages/requests/api.py", line 59, in request
    return session.request(method=method, url=url, **kwargs)
  File "/opt/anaconda3/lib/python3.9/site-packages/requests/sessions.py", line 587, in request
    resp = self.send(prep, **send_kwargs)
  File "/opt/anaconda3/lib/python3.9/site-packages/requests/sessions.py", line 701, in send
    r = adapter.send(request, **kwargs)
  File "/opt/anaconda3/lib/python3.9/site-packages/requests/adapters.py", line 547, in send
    raise ConnectionError(err, request=request)
requests.exceptions.ConnectionError: ('Connection aborted.', ConnectionResetError(54, 'Connection reset by peer'))

During handling of the above exception, another exception occurred:

Traceback (most recent call last):
  File "/Users/jeongwook/Desktop/bit/service/auto.py", line 128, in <module>
    tradingBot.start()
  File "/Users/jeongwook/Desktop/bit/service/auto.py", line 58, in start
    slackBot.message(err)
  File "/Users/jeongwook/Desktop/bit/service/auto.py", line 114, in message
    response = self.client.chat_postMessage(
  File "/opt/anaconda3/lib/python3.9/site-packages/slack_sdk/web/client.py", line 2662, in chat_postMessage
    _warn_if_text_or_attachment_fallback_is_missing("chat.postMessage", kwargs)
  File "/opt/anaconda3/lib/python3.9/site-packages/slack_sdk/web/internal_utils.py", line 250, in _warn_if_text_or_attachment_fallback_is_missing
    if text and len(text.strip()) > 0:
AttributeError: 'ConnectionError' object has no attribute 'strip'

==================== [ 데이터 갱신 시도 ] ====================
                          open       high  ...   targetPrice        ma5
2024-08-10 09:00:00  3655000.0  3721000.0  ...  3.753861e+06  3551600.0
2024-08-11 09:00:00  3670000.0  3802000.0  ...  3.711791e+06  3588800.0
2024-08-12 09:00:00  3601000.0  3851000.0  ...  3.712888e+06  3603800.0
2024-08-13 09:00:00  3817000.0  3833000.0  ...  3.973841e+06  3699600.0
2024-08-14 09:00:00  3776000.0  3880000.0  ...  3.861484e+06  3703000.0

[5 rows x 11 columns]
==================== [ 데이터 갱신 완료 ] ====================

2024-08-14 23:24:54.615803 	openTime : 2024-08-15 09:00:10 	Target : 3861483.9874749347 	Current : 3714000.0 	MA5 : 3703000.0 	Buy_yn : False
2024-08-14 23:26:25.888879 	openTime : 2024-08-15 09:00:10 	Target : 3861483.9874749347 	Current : 3728000.0 	MA5 : 3703000.0 	Buy_yn : False
2024-08-14 23:27:58.434594 	openTime : 2024-08-15 09:00:10 	Target : 3861483.9874749347 	Current : 3720000.0 	MA5 : 3703000.0 	Buy_yn : False
2024-08-14 23:29:22.101593 	openTime : 2024-08-15 09:00:10 	Target : 3861483.9874749347 	Current : 3718000.0 	MA5 : 3703000.0 	Buy_yn : False
2024-08-14 23:30:55.065379 	openTime : 2024-08-15 09:00:10 	Target : 3861483.9874749347 	Current : 3723000.0 	MA5 : 3703000.0 	Buy_yn : False
2024-08-14 23:32:30.532013 	openTime : 2024-08-15 09:00:10 	Target : 3861483.9874749347 	Current : 3712000.0 	MA5 : 3703000.0 	Buy_yn : False
2024-08-14 23:34:20.249181 	openTime : 2024-08-15 09:00:10 	Target : 3861483.9874749347 	Current : 3708000.0 	MA5 : 3703000.0 	Buy_yn : False
2024-08-14 23:36:10.188526 	openTime : 2024-08-15 09:00:10 	Target : 3861483.9874749347 	Current : 3702000.0 	MA5 : 3703000.0 	Buy_yn : False

==================== [ 데이터 갱신 시도 ] ====================
                          open       high  ...   targetPrice        ma5
2024-08-11 09:00:00  3670000.0  3802000.0  ...  3.711791e+06  3588800.0
2024-08-12 09:00:00  3601000.0  3851000.0  ...  3.712888e+06  3603800.0
2024-08-13 09:00:00  3817000.0  3833000.0  ...  3.973841e+06  3699600.0
2024-08-14 09:00:00  3776000.0  3880000.0  ...  3.861484e+06  3703000.0
2024-08-15 09:00:00  3732000.0  3748000.0  ...  3.834223e+06  3718600.0

[5 rows x 11 columns]
==================== [ 데이터 갱신 완료 ] ====================

2024-08-15 20:29:05.669018 	openTime : 2024-08-16 09:00:10 	Target : 3834223.056026486 	Current : 3699000.0 	MA5 : 3718600.0 	Buy_yn : False
